Program Execution Started
Missing key:  *
Missing key:  Houston, AL
Missing key:  Henry, AL
Missing key:  Geneva, AL
Missing key:  Dale, AL
Missing key:  Coffee, AL
Missing key:  Covington, AL
Missing key:  Mobile, AL
Missing key:  Baldwin, AL
Missing key:  Escambia, AL
Missing key:  Conecuh, AL
Missing key:  Washington, AL
Missing key:  Choctaw, AL
Missing key:  Clarke, AL
Missing key:  Monroe, AL
Missing key:  Wilcox, AL
Missing key:  Butler, AL
Missing key:  Crenshaw, AL
Missing key:  Pike, AL
Missing key:  Bullock, AL
Missing key:  Macon, AL
Missing key:  Lowndes, AL
Missing key:  Montgomery, AL
Missing key:  Elmore, AL
Missing key:  Autauga, AL
Missing key:  Dallas, AL
Missing key:  Marengo, AL
Missing key:  Sumter, AL
Missing key:  Perry, AL
Missing key:  Chilton, AL
Missing key:  Coosa, AL
Missing key:  Tallapoosa, AL
Missing key:  Clay, AL
Missing key:  Talladega, AL
Missing key:  Shelby, AL
Missing key:  Bibb, AL
Missing key:  Hale, AL
Missing key:  Greene, AL
Missing key:  Pickens, AL
Missing key:  Tuscaloosa, AL
Missing key:  Jefferson, AL
Missing key:  Walker, AL
Missing key:  Lamar, AL
Missing key:  Fayette, AL
Missing key:  Franklin, AL
Missing key:  Marion, AL
Missing key:  Winston, AL
Missing key:  Cullman, AL
Missing key:  Blount, AL
Missing key:  St. Clair, AL
Missing key:  Calhoun, AL
Missing key:  Etowah, AL
Missing key:  Marshall, AL
Missing key:  Morgan, AL
Missing key:  Lawrence, AL
Missing key:  Colbert, AL
Missing key:  Lauderdale, AL
Missing key:  Limestone, AL
Missing key:  Madison, AL
Missing key:  Jackson, AL
Missing key:  DeKalb, AL
Missing key:  Cherokee, AL
Missing key:  Cleburne, AL
Missing key:  Randolph, AL
Missing key:  Chambers, AL
Missing key:  Lee, AL
Missing key:  Russell, AL
Missing key:  Barbour, AL
Missing key:  Chicot, AR
Missing key:  Ashley, AR
Missing key:  Pope, AR
Missing key:  Newton, AR
Missing key:  Madison, AR
Missing key:  Franklin, AR
Missing key:  Johnson, AR
Missing key:  Logan, AR
Missing key:  Yell, AR
Missing key:  Perry, AR
Missing key:  Conway, AR
Missing key:  Faulkner, AR
Missing key:  Van Buren, AR
Missing key:  Searcy, AR
Missing key:  Stone, AR
Missing key:  Cleburne, AR
Missing key:  White, AR
Missing key:  Independence, AR
Missing key:  Jackson, AR
Missing key:  Woodruff, AR
Missing key:  St. Francis, AR
Missing key:  Crittenden, AR
Missing key:  Cross, AR
Missing key:  Poinsett, AR
Missing key:  Mississippi, AR
Missing key:  Craighead, AR
Missing key:  Izard, AR
Missing key:  Lawrence, AR
Missing key:  Sharp, AR
Missing key:  Greene, AR
Missing key:  Clay, AR
Missing key:  Randolph, AR
Missing key:  Fulton, AR
Missing key:  Baxter, AR
Missing key:  Marion, AR
Missing key:  Boone, AR
Missing key:  Carroll, AR
Missing key:  Benton, AR
Missing key:  Washington, AR
Missing key:  Crawford, AR
Missing key:  Sebastian, AR
Missing key:  Scott, AR
Missing key:  Montgomery, AR
Missing key:  Garland, AR
Missing key:  Saline, AR
Missing key:  Pulaski, AR
Missing key:  Lonoke, AR
Missing key:  Prairie, AR
Missing key:  Monroe, AR
Missing key:  Lee, AR
Missing key:  Phillips, AR
Missing key:  Jefferson, AR
Missing key:  Grant, AR
Missing key:  Hot Spring, AR
Missing key:  Dallas, AR
Missing key:  Cleveland, AR
Missing key:  Lincoln, AR
Missing key:  Arkansas, AR
Missing key:  Desha, AR
Missing key:  Drew, AR
Missing key:  Bradley, AR
Missing key:  Calhoun, AR
Missing key:  Ouachita, AR
Missing key:  Nevada, AR
Missing key:  Hempstead, AR
Missing key:  Clark, AR
Missing key:  Pike, AR
Missing key:  Howard, AR
Missing key:  Polk, AR
Missing key:  Sevier, AR
Missing key:  Little River, AR
Missing key:  Miller, AR
Missing key:  Lafayette, AR
Missing key:  Columbia, AR
Missing key:  Union, AR
Missing key:  Apache, AZ
Missing key:  Cochise, AZ
Missing key:  Coconino, AZ
Missing key:  Gila, AZ
Missing key:  Greenlee, AZ
Missing key:  Graham, AZ
Missing key:  La Paz, AZ
Missing key:  Maricopa, AZ
Missing key:  Mohave, AZ
Missing key:  Navajo, AZ
Missing key:  Pima, AZ
Missing key:  Pinal, AZ
Missing key:  Santa Cruz, AZ
Missing key:  Yavapai, AZ
Missing key:  Yuma, AZ
Missing key:  Del Norte, CA
Missing key:  Siskiyou, CA
Missing key:  Imperial, CA
Missing key:  Riverside, CA
Missing key:  San Diego, CA
Missing key:  Orange, CA
Missing key:  Los Angeles, CA
Missing key:  Ventura, CA
Missing key:  Santa Barbara, CA
Missing key:  San Luis Obispo, CA
Missing key:  Kern, CA
Missing key:  San Bernardino, CA
Missing key:  Inyo, CA
Missing key:  Tulare, CA
Missing key:  Kings, CA
Missing key:  Madera, CA
Missing key:  Fresno, CA
Missing key:  Monterey, CA
Missing key:  San Benito, CA
Missing key:  Merced, CA
Missing key:  Santa Cruz, CA
Missing key:  San Mateo, CA
Missing key:  Alameda, CA
Missing key:  Santa Clara, CA
Missing key:  Stanislaus, CA
Missing key:  Mariposa, CA
Missing key:  Tuolumne, CA
Missing key:  Mono, CA
Missing key:  Alpine, CA
Missing key:  Calaveras, CA
Missing key:  Amador, CA
Missing key:  San Joaquin, CA
Missing key:  Contra Costa, CA
Missing key:  El Dorado, CA
Missing key:  Sacramento, CA
Missing key:  Solano, CA
Missing key:  San Francisco, CA
Missing key:  Marin, CA
Missing key:  Napa, CA
Missing key:  Sonoma, CA
Missing key:  Yolo, CA
Missing key:  Placer, CA
Missing key:  Nevada, CA
Missing key:  Sierra, CA
Missing key:  Yuba, CA
Missing key:  Sutter, CA
Missing key:  Colusa, CA
Missing key:  Lake, CA
Missing key:  Butte, CA
Missing key:  Glenn, CA
Missing key:  Plumas, CA
Missing key:  Tehama, CA
Missing key:  Mendocino, CA
Missing key:  Humboldt, CA
Missing key:  Trinity, CA
Missing key:  Shasta, CA
Missing key:  Lassen, CA
Missing key:  Modoc, CA
Missing key:  Montezuma, CO
Missing key:  La Plata, CO
Missing key:  Prowers, CO
Missing key:  Bent, CO
Missing key:  Kiowa, CO
Missing key:  Cheyenne, CO
Missing key:  Kit Carson, CO
Missing key:  Yuma, CO
Missing key:  Washington, CO
Missing key:  Phillips, CO
Missing key:  Sedgwick, CO
Missing key:  Logan, CO
Missing key:  Morgan, CO
Missing key:  Baca, CO
Missing key:  Otero, CO
Missing key:  Crowley, CO
Missing key:  Lincoln, CO
Missing key:  Elbert, CO
Missing key:  Arapahoe, CO
Missing key:  Weld, CO
Missing key:  Adams, CO
Missing key:  Denver, CO
Missing key:  Douglas, CO
Missing key:  El Paso, CO
Missing key:  Teller, CO
Missing key:  Pueblo, CO
Missing key:  Las Animas, CO
Missing key:  Huerfano, CO
Missing key:  Costilla, CO
Missing key:  Conejos, CO
Missing key:  Alamosa, CO
Missing key:  Rio Grande, CO
Missing key:  Custer, CO
Missing key:  Fremont, CO
Missing key:  Saguache, CO
Missing key:  Chaffee, CO
Missing key:  Gunnison, CO
Missing key:  Pitkin, CO
Missing key:  Lake, CO
Missing key:  Park, CO
Missing key:  Jefferson, CO
Missing key:  Gilpin, CO
Missing key:  Clear Creek, CO
Missing key:  Summit, CO
Missing key:  Eagle, CO
Missing key:  Boulder, CO
Missing key:  Grand, CO
Missing key:  Larimer, CO
Missing key:  Jackson, CO
Missing key:  Routt, CO
Missing key:  Moffat, CO
Missing key:  Rio Blanco, CO
Missing key:  Garfield, CO
Missing key:  Delta, CO
Missing key:  Mesa, CO
Missing key:  Montrose, CO
Missing key:  San Juan, CO
Missing key:  Dolores, CO
Missing key:  San Miguel, CO
Missing key:  Ouray, CO
Missing key:  Hinsdale, CO
Missing key:  Mineral, CO
Missing key:  Archuleta, CO
Missing key:  Broomfield, CO
Missing key:  Fairfield, CT
Missing key:  Hartford, CT
Missing key:  Litchfield, CT
Missing key:  Middlesex, CT
Missing key:  New Haven, CT
Missing key:  New London, CT
Missing key:  Tolland, CT
Missing key:  Windham, CT
Missing key:  Kent, DE
Missing key:  New Castle, DE
Missing key:  Sussex, DE
Missing key:  Bay, FL
Missing key:  Jackson, FL
Missing key:  Charlotte, FL
Missing key:  Lee, FL
Missing key:  Hendry, FL
Missing key:  Collier, FL
Missing key:  Monroe, FL
Missing key:  Miami-Dade, FL
Missing key:  Broward, FL
Missing key:  Palm Beach, FL
Missing key:  Sarasota, FL
Missing key:  DeSoto, FL
Missing key:  Glades, FL
Missing key:  Martin, FL
Missing key:  St. Lucie, FL
Missing key:  Indian River, FL
Missing key:  Okeechobee, FL
Missing key:  Highlands, FL
Missing key:  Hardee, FL
Missing key:  Manatee, FL
Missing key:  Pinellas, FL
Missing key:  Hillsborough, FL
Missing key:  Hernando, FL
Missing key:  Pasco, FL
Missing key:  Osceola, FL
Missing key:  Polk, FL
Missing key:  Orange, FL
Missing key:  Seminole, FL
Missing key:  Lake, FL
Missing key:  Sumter, FL
Missing key:  Citrus, FL
Missing key:  Levy, FL
Missing key:  Marion, FL
Missing key:  Volusia, FL
Missing key:  Brevard, FL
Missing key:  Washington, FL
Missing key:  Holmes, FL
Missing key:  Walton, FL
Missing key:  Okaloosa, FL
Missing key:  Santa Rosa, FL
Missing key:  Escambia, FL
Missing key:  Calhoun, FL
Missing key:  Gulf, FL
Missing key:  Franklin, FL
Missing key:  Dixie, FL
Missing key:  Gilchrist, FL
Missing key:  Alachua, FL
Missing key:  Putnam, FL
Missing key:  Flagler, FL
Missing key:  St. Johns, FL
Missing key:  Clay, FL
Missing key:  Bradford, FL
Missing key:  Union, FL
Missing key:  Suwannee, FL
Missing key:  Lafayette, FL
Missing key:  Taylor, FL
Missing key:  Wakulla, FL
Missing key:  Liberty, FL
Missing key:  Gadsden, FL
Missing key:  Leon, FL
Missing key:  Jefferson, FL
Missing key:  Madison, FL
Missing key:  Hamilton, FL
Missing key:  Columbia, FL
Missing key:  Baker, FL
Missing key:  Duval, FL
Missing key:  Nassau, FL
Missing key:  Rabun, GA
Missing key:  Towns, GA
Missing key:  Mitchell, GA
Missing key:  Baker, GA
Missing key:  Miller, GA
Missing key:  Early, GA
Missing key:  Seminole, GA
Missing key:  Decatur, GA
Missing key:  Grady, GA
Missing key:  Thomas, GA
Missing key:  Brooks, GA
Missing key:  Colquitt, GA
Missing key:  Cook, GA
Missing key:  Lanier, GA
Missing key:  Lowndes, GA
Missing key:  Echols, GA
Missing key:  Clinch, GA
Missing key:  Atkinson, GA
Missing key:  Berrien, GA
Missing key:  Irwin, GA
Missing key:  Tift, GA
Missing key:  Worth, GA
Missing key:  Dougherty, GA
Missing key:  Calhoun, GA
Missing key:  Clay, GA
Missing key:  Quitman, GA
Missing key:  Randolph, GA
Missing key:  Terrell, GA
Missing key:  Lee, GA
Missing key:  Crisp, GA
Missing key:  Turner, GA
Missing key:  Ben Hill, GA
Missing key:  Coffee, GA
Missing key:  Bacon, GA
Missing key:  Wayne, GA
Missing key:  Pierce, GA
Missing key:  Brantley, GA
Missing key:  Ware, GA
Missing key:  Charlton, GA
Missing key:  Camden, GA
Missing key:  Glynn, GA
Missing key:  McIntosh, GA
Missing key:  Heard, GA
Missing key:  Haralson, GA
Missing key:  Polk, GA
Missing key:  Floyd, GA
Missing key:  Chattooga, GA
Missing key:  Whitfield, GA
Missing key:  Catoosa, GA
Missing key:  Walker, GA
Missing key:  Dade, GA
Missing key:  Long, GA
Missing key:  Appling, GA
Missing key:  Jeff Davis, GA
Missing key:  Stewart, GA
Missing key:  Webster, GA
Missing key:  Sumter, GA
Missing key:  Wilcox, GA
Missing key:  Telfair, GA
Missing key:  Wheeler, GA
Missing key:  Dodge, GA
Missing key:  Pulaski, GA
Missing key:  Dooly, GA
Missing key:  Macon, GA
Missing key:  Schley, GA
Missing key:  Marion, GA
Missing key:  Chattahoochee, GA
Missing key:  Muscogee, GA
Missing key:  Taylor, GA
Missing key:  Talbot, GA
Missing key:  Harris, GA
Missing key:  Troup, GA
Missing key:  Carroll, GA
Missing key:  Paulding, GA
Missing key:  Murray, GA
Missing key:  Gordon, GA
Missing key:  Bartow, GA
Missing key:  Cobb, GA
Missing key:  Douglas, GA
Missing key:  Coweta, GA
Missing key:  Meriwether, GA
Missing key:  Pike, GA
Missing key:  Upson, GA
Missing key:  Crawford, GA
Missing key:  Peach, GA
Missing key:  Houston, GA
Missing key:  Bleckley, GA
Missing key:  Laurens, GA
Missing key:  Wilkinson, GA
Missing key:  Twiggs, GA
Missing key:  Bibb, GA
Missing key:  Baldwin, GA
Missing key:  Jones, GA
Missing key:  Monroe, GA
Missing key:  Lamar, GA
Missing key:  Spalding, GA
Missing key:  Fayette, GA
Missing key:  Clayton, GA
Missing key:  Butts, GA
Missing key:  Henry, GA
Missing key:  DeKalb, GA
Missing key:  Fulton, GA
Missing key:  Cherokee, GA
Missing key:  Pickens, GA
Missing key:  Dawson, GA
Missing key:  Forsyth, GA
Missing key:  Gwinnett, GA
Missing key:  Rockdale, GA
Missing key:  Jasper, GA
Missing key:  Newton, GA
Missing key:  Walton, GA
Missing key:  Barrow, GA
Missing key:  Jackson, GA
Missing key:  Clarke, GA
Missing key:  Oconee, GA
Missing key:  Morgan, GA
Missing key:  Putnam, GA
Missing key:  Hancock, GA
Missing key:  Taliaferro, GA
Missing key:  Greene, GA
Missing key:  Oglethorpe, GA
Missing key:  Wilkes, GA
Missing key:  Warren, GA
Missing key:  McDuffie, GA
Missing key:  Glascock, GA
Missing key:  Jefferson, GA
Missing key:  Washington, GA
Missing key:  Johnson, GA
Missing key:  Treutlen, GA
Missing key:  Montgomery, GA
Missing key:  Toombs, GA
Missing key:  Liberty, GA
Missing key:  Evans, GA
Missing key:  Tattnall, GA
Missing key:  Candler, GA
Missing key:  Emanuel, GA
Missing key:  Chatham, GA
Missing key:  Bryan, GA
Missing key:  Bulloch, GA
Missing key:  Jenkins, GA
Missing key:  Effingham, GA
Missing key:  Screven, GA
Missing key:  Burke, GA
Missing key:  Richmond, GA
Missing key:  Columbia, GA
Missing key:  Lincoln, GA
Missing key:  Elbert, GA
Missing key:  Madison, GA
Missing key:  Banks, GA
Missing key:  Hall, GA
Missing key:  Lumpkin, GA
Missing key:  Gilmer, GA
Missing key:  Fannin, GA
Missing key:  Union, GA
Missing key:  White, GA
Missing key:  Habersham, GA
Missing key:  Hart, GA
Missing key:  Franklin, GA
Missing key:  Stephens, GA
Missing key:  Scott, IA
Missing key:  Clinton, IA
Missing key:  Lyon, IA
Missing key:  Sioux, IA
Missing key:  Plymouth, IA
Missing key:  Cherokee, IA
Missing key:  O'Brien, IA
Missing key:  Osceola, IA
Missing key:  Dickinson, IA
Missing key:  Clay, IA
Missing key:  Buena Vista, IA
Missing key:  Pocahontas, IA
Missing key:  Palo Alto, IA
Missing key:  Emmet, IA
Missing key:  Kossuth, IA
Missing key:  Humboldt, IA
Missing key:  Woodbury, IA
Missing key:  Ida, IA
Missing key:  Sac, IA
Missing key:  Calhoun, IA
Missing key:  Webster, IA
Missing key:  Greene, IA
Missing key:  Carroll, IA
Missing key:  Crawford, IA
Missing key:  Monona, IA
Missing key:  Harrison, IA
Missing key:  Shelby, IA
Missing key:  Audubon, IA
Missing key:  Guthrie, IA
Missing key:  Adair, IA
Missing key:  Cass, IA
Missing key:  Pottawattamie, IA
Missing key:  Fremont, IA
Missing key:  Mills, IA
Missing key:  Montgomery, IA
Missing key:  Page, IA
Missing key:  Taylor, IA
Missing key:  Adams, IA
Missing key:  Union, IA
Missing key:  Ringgold, IA
Missing key:  Decatur, IA
Missing key:  Clarke, IA
Missing key:  Madison, IA
Missing key:  Dallas, IA
Missing key:  Boone, IA
Missing key:  Hamilton, IA
Missing key:  Wright, IA
Missing key:  Hancock, IA
Missing key:  Winnebago, IA
Missing key:  Worth, IA
Missing key:  Cerro Gordo, IA
Missing key:  Franklin, IA
Missing key:  Hardin, IA
Missing key:  Story, IA
Missing key:  Polk, IA
Missing key:  Warren, IA
Missing key:  Lucas, IA
Missing key:  Wayne, IA
Missing key:  Appanoose, IA
Missing key:  Monroe, IA
Missing key:  Marion, IA
Missing key:  Jasper, IA
Missing key:  Marshall, IA
Missing key:  Grundy, IA
Missing key:  Butler, IA
Missing key:  Floyd, IA
Missing key:  Mitchell, IA
Missing key:  Howard, IA
Missing key:  Chickasaw, IA
Missing key:  Bremer, IA
Missing key:  Black Hawk, IA
Missing key:  Tama, IA
Missing key:  Poweshiek, IA
Missing key:  Mahaska, IA
Missing key:  Wapello, IA
Missing key:  Davis, IA
Missing key:  Van Buren, IA
Missing key:  Jefferson, IA
Missing key:  Benton, IA
Missing key:  Iowa, IA
Missing key:  Keokuk, IA
Missing key:  Washington, IA
Missing key:  Henry, IA
Missing key:  Lee, IA
Missing key:  Des Moines, IA
Missing key:  Louisa, IA
Missing key:  Muscatine, IA
Missing key:  Johnson, IA
Missing key:  Linn, IA
Missing key:  Cedar, IA
Missing key:  Jones, IA
Missing key:  Buchanan, IA
Missing key:  Fayette, IA
Missing key:  Winneshiek, IA
Missing key:  Allamakee, IA
Missing key:  Clayton, IA
Missing key:  Delaware, IA
Missing key:  Dubuque, IA
Missing key:  Jackson, IA
Missing key:  Fremont, ID
Missing key:  Clark, ID
Missing key:  Benewah, ID
Missing key:  Kootenai, ID
Missing key:  Bonner, ID
Missing key:  Boundary, ID
Missing key:  Latah, ID
Missing key:  Nez Perce, ID
Missing key:  Lewis, ID
Missing key:  Adams, ID
Missing key:  Washington, ID
Missing key:  Payette, ID
Missing key:  Boise, ID
Missing key:  Gem, ID
Missing key:  Canyon, ID
Missing key:  Ada, ID
Missing key:  Elmore, ID
Missing key:  Owyhee, ID
Missing key:  Camas, ID
Missing key:  Gooding, ID
Missing key:  Jerome, ID
Missing key:  Twin Falls, ID
Missing key:  Cassia, ID
Missing key:  Oneida, ID
Missing key:  Power, ID
Missing key:  Bannock, ID
Missing key:  Franklin, ID
Missing key:  Bear Lake, ID
Missing key:  Caribou, ID
Missing key:  Minidoka, ID
Missing key:  Lincoln, ID
Missing key:  Bonneville, ID
Missing key:  Bingham, ID
Missing key:  Blaine, ID
Missing key:  Valley, ID
Missing key:  Shoshone, ID
Missing key:  Clearwater, ID
Missing key:  Idaho, ID
Missing key:  Custer, ID
Missing key:  Lemhi, ID
Missing key:  Butte, ID
Missing key:  Jefferson, ID
Missing key:  Madison, ID
Missing key:  Teton, ID
Missing key:  Vermilion, IL
Missing key:  Iroquois, IL
Missing key:  Alexander, IL
Missing key:  Pulaski, IL
Missing key:  Massac, IL
Missing key:  Hardin, IL
Missing key:  Pope, IL
Missing key:  Johnson, IL
Missing key:  Union, IL
Missing key:  Gallatin, IL
Missing key:  Saline, IL
Missing key:  Williamson, IL
Missing key:  Jackson, IL
Missing key:  Monroe, IL
Missing key:  Randolph, IL
Missing key:  Perry, IL
Missing key:  Franklin, IL
Missing key:  Hamilton, IL
Missing key:  White, IL
Missing key:  Jefferson, IL
Missing key:  Washington, IL
Missing key:  Clinton, IL
Missing key:  St. Clair, IL
Missing key:  Madison, IL
Missing key:  Bond, IL
Missing key:  Marion, IL
Missing key:  Wayne, IL
Missing key:  Wabash, IL
Missing key:  Edwards, IL
Missing key:  Lawrence, IL
Missing key:  Richland, IL
Missing key:  Clay, IL
Missing key:  Jasper, IL
Missing key:  Crawford, IL
Missing key:  Clark, IL
Missing key:  Cumberland, IL
Missing key:  Effingham, IL
Missing key:  Fayette, IL
Missing key:  Shelby, IL
Missing key:  Montgomery, IL
Missing key:  Jersey, IL
Missing key:  Macoupin, IL
Missing key:  Calhoun, IL
Missing key:  Greene, IL
Missing key:  Christian, IL
Missing key:  Coles, IL
Missing key:  Edgar, IL
Missing key:  Douglas, IL
Missing key:  Moultrie, IL
Missing key:  Macon, IL
Missing key:  Sangamon, IL
Missing key:  Morgan, IL
Missing key:  Scott, IL
Missing key:  Pike, IL
Missing key:  Brown, IL
Missing key:  Adams, IL
Missing key:  Hancock, IL
Missing key:  McDonough, IL
Missing key:  Schuyler, IL
Missing key:  Cass, IL
Missing key:  Menard, IL
Missing key:  Mason, IL
Missing key:  Logan, IL
Missing key:  De Witt, IL
Missing key:  Piatt, IL
Missing key:  Champaign, IL
Missing key:  Ford, IL
Missing key:  McLean, IL
Missing key:  Tazewell, IL
Missing key:  Woodford, IL
Missing key:  Peoria, IL
Missing key:  Fulton, IL
Missing key:  Warren, IL
Missing key:  Henderson, IL
Missing key:  Mercer, IL
Missing key:  Knox, IL
Missing key:  Stark, IL
Missing key:  Marshall, IL
Missing key:  Putnam, IL
Missing key:  Livingston, IL
Missing key:  Kankakee, IL
Missing key:  Grundy, IL
Missing key:  Will, IL
Missing key:  Kendall, IL
Missing key:  LaSalle, IL
Missing key:  Bureau, IL
Missing key:  Henry, IL
Missing key:  Rock Island, IL
Missing key:  Lee, IL
Missing key:  Whiteside, IL
Missing key:  Carroll, IL
Missing key:  Ogle, IL
Missing key:  DeKalb, IL
Missing key:  Kane, IL
Missing key:  DuPage, IL
Missing key:  Cook, IL
Missing key:  Lake, IL
Missing key:  McHenry, IL
Missing key:  Boone, IL
Missing key:  Winnebago, IL
Missing key:  Stephenson, IL
Missing key:  Jo Daviess, IL
Missing key:  Porter, IN
Missing key:  Lake, IN
Missing key:  Perry, IN
Missing key:  Spencer, IN
Missing key:  Warrick, IN
Missing key:  Vanderburgh, IN
Missing key:  Posey, IN
Missing key:  Gibson, IN
Missing key:  Pike, IN
Missing key:  Dubois, IN
Missing key:  Crawford, IN
Missing key:  Harrison, IN
Missing key:  Floyd, IN
Missing key:  Clark, IN
Missing key:  Ohio, IN
Missing key:  Switzerland, IN
Missing key:  Jefferson, IN
Missing key:  Scott, IN
Missing key:  Washington, IN
Missing key:  Orange, IN
Missing key:  Martin, IN
Missing key:  Daviess, IN
Missing key:  Knox, IN
Missing key:  Sullivan, IN
Missing key:  Greene, IN
Missing key:  Lawrence, IN
Missing key:  Jackson, IN
Missing key:  Jennings, IN
Missing key:  Ripley, IN
Missing key:  Dearborn, IN
Missing key:  Franklin, IN
Missing key:  Decatur, IN
Missing key:  Bartholomew, IN
Missing key:  Brown, IN
Missing key:  Monroe, IN
Missing key:  Owen, IN
Missing key:  Clay, IN
Missing key:  Vigo, IN
Missing key:  Vermillion, IN
Missing key:  Parke, IN
Missing key:  Putnam, IN
Missing key:  Morgan, IN
Missing key:  Johnson, IN
Missing key:  Shelby, IN
Missing key:  Rush, IN
Missing key:  Fayette, IN
Missing key:  Union, IN
Missing key:  Wayne, IN
Missing key:  Henry, IN
Missing key:  Hancock, IN
Missing key:  Marion, IN
Missing key:  Hendricks, IN
Missing key:  Boone, IN
Missing key:  Hamilton, IN
Missing key:  Randolph, IN
Missing key:  Delaware, IN
Missing key:  Madison, IN
Missing key:  Tipton, IN
Missing key:  Clinton, IN
Missing key:  Montgomery, IN
Missing key:  Fountain, IN
Missing key:  Jay, IN
Missing key:  Blackford, IN
Missing key:  Grant, IN
Missing key:  Howard, IN
Missing key:  Carroll, IN
Missing key:  Tippecanoe, IN
Missing key:  Warren, IN
Missing key:  Benton, IN
Missing key:  Adams, IN
Missing key:  Wells, IN
Missing key:  Huntington, IN
Missing key:  Wabash, IN
Missing key:  Miami, IN
Missing key:  Cass, IN
Missing key:  White, IN
Missing key:  Allen, IN
Missing key:  Whitley, IN
Missing key:  Fulton, IN
Missing key:  Pulaski, IN
Missing key:  DeKalb, IN
Missing key:  Noble, IN
Missing key:  Kosciusko, IN
Missing key:  Marshall, IN
Missing key:  Starke, IN
Missing key:  Jasper, IN
Missing key:  Newton, IN
Missing key:  Steuben, IN
Missing key:  LaGrange, IN
Missing key:  Elkhart, IN
Missing key:  St. Joseph, IN
Missing key:  LaPorte, IN
Missing key:  Doniphan, KS
Missing key:  Brown, KS
Missing key:  Stanton, KS
Missing key:  Morton, KS
Missing key:  Stevens, KS
Missing key:  Grant, KS
Missing key:  Haskell, KS
Missing key:  Seward, KS
Missing key:  Meade, KS
Missing key:  Gray, KS
Missing key:  Ford, KS
Missing key:  Clark, KS
Missing key:  Comanche, KS
Missing key:  Kiowa, KS
Missing key:  Edwards, KS
Missing key:  Pratt, KS
Missing key:  Barber, KS
Missing key:  Harper, KS
Missing key:  Kingman, KS
Missing key:  Reno, KS
Missing key:  Harvey, KS
Missing key:  Sedgwick, KS
Missing key:  Sumner, KS
Missing key:  Cowley, KS
Missing key:  Butler, KS
Missing key:  Chautauqua, KS
Missing key:  Elk, KS
Missing key:  Greenwood, KS
Missing key:  Montgomery, KS
Missing key:  Wilson, KS
Missing key:  Woodson, KS
Missing key:  Labette, KS
Missing key:  Neosho, KS
Missing key:  Allen, KS
Missing key:  Cherokee, KS
Missing key:  Crawford, KS
Missing key:  Bourbon, KS
Missing key:  Hamilton, KS
Missing key:  Greeley, KS
Missing key:  Wallace, KS
Missing key:  Sherman, KS
Missing key:  Cheyenne, KS
Missing key:  Stafford, KS
Missing key:  Kearny, KS
Missing key:  Finney, KS
Missing key:  Hodgeman, KS
Missing key:  Pawnee, KS
Missing key:  Coffey, KS
Missing key:  Anderson, KS
Missing key:  Linn, KS
Missing key:  Miami, KS
Missing key:  Franklin, KS
Missing key:  Osage, KS
Missing key:  Lyon, KS
Missing key:  Chase, KS
Missing key:  Morris, KS
Missing key:  Marion, KS
Missing key:  McPherson, KS
Missing key:  Rice, KS
Missing key:  Saline, KS
Missing key:  Ellsworth, KS
Missing key:  Barton, KS
Missing key:  Rush, KS
Missing key:  Ness, KS
Missing key:  Lane, KS
Missing key:  Scott, KS
Missing key:  Wichita, KS
Missing key:  Logan, KS
Missing key:  Gove, KS
Missing key:  Trego, KS
Missing key:  Ellis, KS
Missing key:  Russell, KS
Missing key:  Lincoln, KS
Missing key:  Ottawa, KS
Missing key:  Dickinson, KS
Missing key:  Geary, KS
Missing key:  Wabaunsee, KS
Missing key:  Shawnee, KS
Missing key:  Douglas, KS
Missing key:  Johnson, KS
Missing key:  Wyandotte, KS
Missing key:  Leavenworth, KS
Missing key:  Jefferson, KS
Missing key:  Atchison, KS
Missing key:  Jackson, KS
Missing key:  Pottawatomie, KS
Missing key:  Riley, KS
Missing key:  Clay, KS
Missing key:  Cloud, KS
Missing key:  Mitchell, KS
Missing key:  Osborne, KS
Missing key:  Rooks, KS
Missing key:  Graham, KS
Missing key:  Sheridan, KS
Missing key:  Thomas, KS
Missing key:  Rawlins, KS
Missing key:  Decatur, KS
Missing key:  Phillips, KS
Missing key:  Norton, KS
Missing key:  Smith, KS
Missing key:  Jewell, KS
Missing key:  Republic, KS
Missing key:  Washington, KS
Missing key:  Marshall, KS
Missing key:  Nemaha, KS
Missing key:  Hickman, KY
Missing key:  Fulton, KY
Missing key:  Bell, KY
Missing key:  Knox, KY
Missing key:  Whitley, KY
Missing key:  Laurel, KY
Missing key:  Clay, KY
Missing key:  Leslie, KY
Missing key:  Harlan, KY
Missing key:  Letcher, KY
Missing key:  Knott, KY
Missing key:  Perry, KY
Missing key:  Owsley, KY
Missing key:  Jackson, KY
Missing key:  Estill, KY
Missing key:  Lee, KY
Missing key:  Breathitt, KY
Missing key:  Floyd, KY
Missing key:  Johnson, KY
Missing key:  Magoffin, KY
Missing key:  Wolfe, KY
Missing key:  Powell, KY
Missing key:  Clark, KY
Missing key:  Montgomery, KY
Missing key:  Menifee, KY
Missing key:  Morgan, KY
Missing key:  Elliott, KY
Missing key:  Rowan, KY
Missing key:  Bath, KY
Missing key:  Nicholas, KY
Missing key:  Fleming, KY
Missing key:  Robertson, KY
Missing key:  Bracken, KY
Missing key:  Mason, KY
Missing key:  Lewis, KY
Missing key:  Boyd, KY
Missing key:  Greenup, KY
Missing key:  Carter, KY
Missing key:  Lawrence, KY
Missing key:  Martin, KY
Missing key:  Pike, KY
Missing key:  Harrison, KY
Missing key:  Bourbon, KY
Missing key:  Madison, KY
Missing key:  Rockcastle, KY
Missing key:  McCreary, KY
Missing key:  Lincoln, KY
Missing key:  Garrard, KY
Missing key:  Jessamine, KY
Missing key:  Fayette, KY
Missing key:  Woodford, KY
Missing key:  Scott, KY
Missing key:  Franklin, KY
Missing key:  Anderson, KY
Missing key:  Mercer, KY
Missing key:  Boyle, KY
Missing key:  Casey, KY
Missing key:  Pulaski, KY
Missing key:  Wayne, KY
Missing key:  Russell, KY
Missing key:  Clinton, KY
Missing key:  Cumberland, KY
Missing key:  Adair, KY
Missing key:  Taylor, KY
Missing key:  Marion, KY
Missing key:  Washington, KY
Missing key:  Spencer, KY
Missing key:  Shelby, KY
Missing key:  Henry, KY
Missing key:  Owen, KY
Missing key:  Grant, KY
Missing key:  Pendleton, KY
Missing key:  Campbell, KY
Missing key:  Kenton, KY
Missing key:  Boone, KY
Missing key:  Gallatin, KY
Missing key:  Carroll, KY
Missing key:  Trimble, KY
Missing key:  Oldham, KY
Missing key:  Jefferson, KY
Missing key:  Bullitt, KY
Missing key:  Nelson, KY
Missing key:  Larue, KY
Missing key:  Green, KY
Missing key:  Metcalfe, KY
Missing key:  Monroe, KY
Missing key:  Simpson, KY
Missing key:  Allen, KY
Missing key:  Barren, KY
Missing key:  Hart, KY
Missing key:  Hardin, KY
Missing key:  Meade, KY
Missing key:  Hancock, KY
Missing key:  Breckinridge, KY
Missing key:  Grayson, KY
Missing key:  Edmonson, KY
Missing key:  Warren, KY
Missing key:  Butler, KY
Missing key:  Logan, KY
Missing key:  Todd, KY
Missing key:  Muhlenberg, KY
Missing key:  Ohio, KY
Missing key:  Daviess, KY
Missing key:  McLean, KY
Missing key:  Hopkins, KY
Missing key:  Christian, KY
Missing key:  Trigg, KY
Missing key:  Lyon, KY
Missing key:  Caldwell, KY
Missing key:  Webster, KY
Missing key:  Henderson, KY
Missing key:  Union, KY
Missing key:  Crittenden, KY
Missing key:  Livingston, KY
Missing key:  Calloway, KY
Missing key:  Marshall, KY
Missing key:  Graves, KY
Missing key:  McCracken, KY
Missing key:  Carlisle, KY
Missing key:  Ballard, KY
Missing key:  St. Tammany, LA
Missing key:  Washington, LA
Missing key:  Red River, LA
Missing key:  Bienville, LA
Missing key:  Lincoln, LA
Missing key:  Jackson, LA
Missing key:  Winn, LA
Missing key:  Caldwell, LA
Missing key:  Ouachita, LA
Missing key:  Richland, LA
Missing key:  Franklin, LA
Missing key:  Tensas, LA
Missing key:  Madison, LA
Missing key:  East Carroll, LA
Missing key:  West Carroll, LA
Missing key:  Morehouse, LA
Missing key:  Union, LA
Missing key:  Claiborne, LA
Missing key:  Webster, LA
Missing key:  Bossier, LA
Missing key:  Caddo, LA
Missing key:  De Soto, LA
Missing key:  Sabine, LA
Missing key:  Natchitoches, LA
Missing key:  Grant, LA
Missing key:  LaSalle, LA
Missing key:  Catahoula, LA
Missing key:  Concordia, LA
Missing key:  Avoyelles, LA
Missing key:  Rapides, LA
Missing key:  Vernon, LA
Missing key:  Evangeline, LA
Missing key:  Allen, LA
Missing key:  Beauregard, LA
Missing key:  Jefferson Davis, LA
Missing key:  Calcasieu, LA
Missing key:  Cameron, LA
Missing key:  Acadia, LA
Missing key:  St. Landry, LA
Missing key:  Pointe Coupee, LA
Missing key:  West Baton Rouge, LA
Missing key:  Lafayette, LA
Missing key:  Vermilion, LA
Missing key:  Iberia, LA
Missing key:  Iberville, LA
Missing key:  Assumption, LA
Missing key:  St. Martin, LA
Missing key:  St. Mary, LA
Missing key:  Terrebonne, LA
Missing key:  Lafourche, LA
Missing key:  St. James, LA
Missing key:  Ascension, LA
Missing key:  East Baton Rouge, LA
Missing key:  East Feliciana, LA
Missing key:  St. Helena, LA
Missing key:  Livingston, LA
Missing key:  St. John the Baptist, LA
Missing key:  St. Charles, LA
Missing key:  Tangipahoa, LA
Missing key:  Orleans, LA
Missing key:  St. Bernard, LA
Missing key:  Plaquemines, LA
Missing key:  West Feliciana, LA
Missing key:  Jefferson, LA
Missing key:  Barnstable, MA
Missing key:  Berkshire, MA
Missing key:  Bristol, MA
Missing key:  Dukes, MA
Missing key:  Essex, MA
Missing key:  Franklin, MA
Missing key:  Hampden, MA
Missing key:  Hampshire, MA
Missing key:  Middlesex, MA
Missing key:  Nantucket, MA
Missing key:  Norfolk, MA
Missing key:  Plymouth, MA
Missing key:  Suffolk, MA
Missing key:  Worcester, MA
Missing key:  Allegany, MD
Missing key:  Garrett, MD
Missing key:  St. Mary's, MD
Missing key:  Charles, MD
Missing key:  Worcester, MD
Missing key:  Wicomico, MD
Missing key:  Washington, MD
Missing key:  Calvert, MD
Missing key:  Talbot, MD
Missing key:  Caroline, MD
Missing key:  Kent, MD
Missing key:  Baltimore City, MD
Missing key:  Prince George's, MD
Missing key:  Anne Arundel, MD
Missing key:  Howard, MD
Missing key:  Montgomery, MD
Missing key:  Queen Anne's, MD
Missing key:  Cecil, MD
Missing key:  Harford, MD
Missing key:  Baltimore, MD
Missing key:  Carroll, MD
Missing key:  Frederick, MD
Missing key:  Somerset, MD
Missing key:  Dorchester, MD
Missing key:  Aroostook, ME
Missing key:  Piscataquis, ME
Missing key:  Knox, ME
Missing key:  Lincoln, ME
Missing key:  Sagadahoc, ME
Missing key:  Cumberland, ME
Missing key:  York, ME
Missing key:  Androscoggin, ME
Missing key:  Oxford, ME
Missing key:  Kennebec, ME
Missing key:  Waldo, ME
Missing key:  Hancock, ME
Missing key:  Washington, ME
Missing key:  Penobscot, ME
Missing key:  Franklin, ME
Missing key:  Somerset, ME
Missing key:  Gogebic, MI
Missing key:  Ontonagon, MI
Missing key:  Monroe, MI
Missing key:  Lenawee, MI
Missing key:  Hillsdale, MI
Missing key:  Branch, MI
Missing key:  St. Joseph, MI
Missing key:  Cass, MI
Missing key:  Berrien, MI
Missing key:  Wayne, MI
Missing key:  Washtenaw, MI
Missing key:  Jackson, MI
Missing key:  Calhoun, MI
Missing key:  Kalamazoo, MI
Missing key:  Van Buren, MI
Missing key:  Allegan, MI
Missing key:  Barry, MI
Missing key:  Eaton, MI
Missing key:  Ingham, MI
Missing key:  Livingston, MI
Missing key:  Oakland, MI
Missing key:  Macomb, MI
Missing key:  St. Clair, MI
Missing key:  Lapeer, MI
Missing key:  Genesee, MI
Missing key:  Shiawassee, MI
Missing key:  Clinton, MI
Missing key:  Ionia, MI
Missing key:  Ottawa, MI
Missing key:  Muskegon, MI
Missing key:  Kent, MI
Missing key:  Montcalm, MI
Missing key:  Gratiot, MI
Missing key:  Saginaw, MI
Missing key:  Sanilac, MI
Missing key:  Tuscola, MI
Missing key:  Huron, MI
Missing key:  Bay, MI
Missing key:  Midland, MI
Missing key:  Isabella, MI
Missing key:  Mecosta, MI
Missing key:  Newaygo, MI
Missing key:  Oceana, MI
Missing key:  Arenac, MI
Missing key:  Gladwin, MI
Missing key:  Clare, MI
Missing key:  Osceola, MI
Missing key:  Lake, MI
Missing key:  Mason, MI
Missing key:  Iosco, MI
Missing key:  Ogemaw, MI
Missing key:  Roscommon, MI
Missing key:  Missaukee, MI
Missing key:  Wexford, MI
Missing key:  Manistee, MI
Missing key:  Alcona, MI
Missing key:  Oscoda, MI
Missing key:  Crawford, MI
Missing key:  Kalkaska, MI
Missing key:  Grand Traverse, MI
Missing key:  Benzie, MI
Missing key:  Leelanau, MI
Missing key:  Alpena, MI
Missing key:  Montmorency, MI
Missing key:  Otsego, MI
Missing key:  Antrim, MI
Missing key:  Charlevoix, MI
Missing key:  Presque Isle, MI
Missing key:  Cheboygan, MI
Missing key:  Emmet, MI
Missing key:  Mackinac, MI
Missing key:  Chippewa, MI
Missing key:  Luce, MI
Missing key:  Schoolcraft, MI
Missing key:  Alger, MI
Missing key:  Delta, MI
Missing key:  Menominee, MI
Missing key:  Dickinson, MI
Missing key:  Marquette, MI
Missing key:  Iron, MI
Missing key:  Keweenaw, MI
Missing key:  Houghton, MI
Missing key:  Baraga, MI
Missing key:  Houston, MN
Missing key:  Fillmore, MN
Missing key:  Koochiching, MN
Missing key:  Lake of the Woods, MN
Missing key:  Roseau, MN
Missing key:  Kittson, MN
Missing key:  Red Lake, MN
Missing key:  Pennington, MN
Missing key:  Marshall, MN
Missing key:  Polk, MN
Missing key:  Norman, MN
Missing key:  Mahnomen, MN
Missing key:  Clearwater, MN
Missing key:  Beltrami, MN
Missing key:  Cook, MN
Missing key:  Lake, MN
Missing key:  Itasca, MN
Missing key:  Hubbard, MN
Missing key:  Cass, MN
Missing key:  Wadena, MN
Missing key:  Becker, MN
Missing key:  Clay, MN
Missing key:  Wilkin, MN
Missing key:  Otter Tail, MN
Missing key:  St. Louis, MN
Missing key:  Carlton, MN
Missing key:  Pine, MN
Missing key:  Kanabec, MN
Missing key:  Aitkin, MN
Missing key:  Crow Wing, MN
Missing key:  Morrison, MN
Missing key:  Todd, MN
Missing key:  Douglas, MN
Missing key:  Grant, MN
Missing key:  Traverse, MN
Missing key:  Big Stone, MN
Missing key:  Swift, MN
Missing key:  Stevens, MN
Missing key:  Pope, MN
Missing key:  Stearns, MN
Missing key:  Benton, MN
Missing key:  Mille Lacs, MN
Missing key:  Isanti, MN
Missing key:  Chisago, MN
Missing key:  Ramsey, MN
Missing key:  Anoka, MN
Missing key:  Sherburne, MN
Missing key:  Wright, MN
Missing key:  Meeker, MN
Missing key:  Kandiyohi, MN
Missing key:  Chippewa, MN
Missing key:  Washington, MN
Missing key:  Dakota, MN
Missing key:  Hennepin, MN
Missing key:  Scott, MN
Missing key:  Carver, MN
Missing key:  McLeod, MN
Missing key:  Sibley, MN
Missing key:  Renville, MN
Missing key:  Lac qui Parle, MN
Missing key:  Yellow Medicine, MN
Missing key:  Lincoln, MN
Missing key:  Lyon, MN
Missing key:  Redwood, MN
Missing key:  Brown, MN
Missing key:  Nicollet, MN
Missing key:  Le Sueur, MN
Missing key:  Rice, MN
Missing key:  Goodhue, MN
Missing key:  Wabasha, MN
Missing key:  Winona, MN
Missing key:  Olmsted, MN
Missing key:  Dodge, MN
Missing key:  Steele, MN
Missing key:  Waseca, MN
Missing key:  Blue Earth, MN
Missing key:  Watonwan, MN
Missing key:  Cottonwood, MN
Missing key:  Murray, MN
Missing key:  Pipestone, MN
Missing key:  Rock, MN
Missing key:  Nobles, MN
Missing key:  Jackson, MN
Missing key:  Martin, MN
Missing key:  Faribault, MN
Missing key:  Freeborn, MN
Missing key:  Mower, MN
Missing key:  New Madrid, MO
Missing key:  Pemiscot, MO
Missing key:  Atchison, MO
Missing key:  Holt, MO
Missing key:  Platte, MO
Missing key:  Buchanan, MO
Missing key:  Andrew, MO
Missing key:  Nodaway, MO
Missing key:  Worth, MO
Missing key:  Gentry, MO
Missing key:  DeKalb, MO
Missing key:  Clinton, MO
Missing key:  Clay, MO
Missing key:  Caldwell, MO
Missing key:  Daviess, MO
Missing key:  Harrison, MO
Missing key:  Mercer, MO
Missing key:  Grundy, MO
Missing key:  Livingston, MO
Missing key:  Carroll, MO
Missing key:  Ray, MO
Missing key:  Lafayette, MO
Missing key:  Jackson, MO
Missing key:  Johnson, MO
Missing key:  Henry, MO
Missing key:  Cass, MO
Missing key:  St. Clair, MO
Missing key:  Bates, MO
Missing key:  Cedar, MO
Missing key:  Vernon, MO
Missing key:  Dade, MO
Missing key:  Barton, MO
Missing key:  Jasper, MO
Missing key:  Newton, MO
Missing key:  McDonald, MO
Missing key:  Lawrence, MO
Missing key:  Barry, MO
Missing key:  Polk, MO
Missing key:  Stone, MO
Missing key:  Greene, MO
Missing key:  Taney, MO
Missing key:  Christian, MO
Missing key:  Webster, MO
Missing key:  Dallas, MO
Missing key:  Hickory, MO
Missing key:  Benton, MO
Missing key:  Pettis, MO
Missing key:  Saline, MO
Missing key:  Chariton, MO
Missing key:  Linn, MO
Missing key:  Sullivan, MO
Missing key:  Putnam, MO
Missing key:  Schuyler, MO
Missing key:  Adair, MO
Missing key:  Macon, MO
Missing key:  Randolph, MO
Missing key:  Howard, MO
Missing key:  Cooper, MO
Missing key:  Boone, MO
Missing key:  Cole, MO
Missing key:  Moniteau, MO
Missing key:  Morgan, MO
Missing key:  Miller, MO
Missing key:  Camden, MO
Missing key:  Pulaski, MO
Missing key:  Laclede, MO
Missing key:  Wright, MO
Missing key:  Douglas, MO
Missing key:  Ozark, MO
Missing key:  Howell, MO
Missing key:  Texas, MO
Missing key:  Phelps, MO
Missing key:  Maries, MO
Missing key:  Osage, MO
Missing key:  Callaway, MO
Missing key:  Monroe, MO
Missing key:  Shelby, MO
Missing key:  Knox, MO
Missing key:  Scotland, MO
Missing key:  Clark, MO
Missing key:  Lewis, MO
Missing key:  Marion, MO
Missing key:  Ralls, MO
Missing key:  Audrain, MO
Missing key:  Montgomery, MO
Missing key:  Pike, MO
Missing key:  Lincoln, MO
Missing key:  Warren, MO
Missing key:  Gasconade, MO
Missing key:  Crawford, MO
Missing key:  Dent, MO
Missing key:  Shannon, MO
Missing key:  Oregon, MO
Missing key:  Ripley, MO
Missing key:  Carter, MO
Missing key:  Reynolds, MO
Missing key:  Iron, MO
Missing key:  Washington, MO
Missing key:  Franklin, MO
Missing key:  St. Louis, MO
Missing key:  St. Charles, MO
Missing key:  St. Louis, MO
Missing key:  Jefferson, MO
Missing key:  St. Francois, MO
Missing key:  Ste. Genevieve, MO
Missing key:  Madison, MO
Missing key:  Wayne, MO
Missing key:  Butler, MO
Missing key:  Dunklin, MO
Missing key:  Stoddard, MO
Missing key:  Bollinger, MO
Missing key:  Perry, MO
Missing key:  Cape Girardeau, MO
Missing key:  Scott, MO
Missing key:  Mississippi, MO
Missing key:  Harrison, MS
Missing key:  Jackson, MS
Missing key:  Grenada, MS
Missing key:  Yalobusha, MS
Missing key:  Clay, MS
Missing key:  Webster, MS
Missing key:  Chickasaw, MS
Missing key:  Calhoun, MS
Missing key:  Pontotoc, MS
Missing key:  Lee, MS
Missing key:  Union, MS
Missing key:  Lafayette, MS
Missing key:  Tate, MS
Missing key:  Panola, MS
Missing key:  Quitman, MS
Missing key:  Tallahatchie, MS
Missing key:  Leflore, MS
Missing key:  Sunflower, MS
Missing key:  Humphreys, MS
Missing key:  Holmes, MS
Missing key:  Carroll, MS
Missing key:  Montgomery, MS
Missing key:  Choctaw, MS
Missing key:  Oktibbeha, MS
Missing key:  Lowndes, MS
Missing key:  Monroe, MS
Missing key:  Itawamba, MS
Missing key:  Prentiss, MS
Missing key:  Tishomingo, MS
Missing key:  Alcorn, MS
Missing key:  Tippah, MS
Missing key:  Benton, MS
Missing key:  Marshall, MS
Missing key:  DeSoto, MS
Missing key:  Tunica, MS
Missing key:  Coahoma, MS
Missing key:  Bolivar, MS
Missing key:  Washington, MS
Missing key:  Sharkey, MS
Missing key:  Issaquena, MS
Missing key:  Yazoo, MS
Missing key:  Attala, MS
Missing key:  Winston, MS
Missing key:  Noxubee, MS
Missing key:  Kemper, MS
Missing key:  Neshoba, MS
Missing key:  Leake, MS
Missing key:  Madison, MS
Missing key:  Rankin, MS
Missing key:  Hinds, MS
Missing key:  Warren, MS
Missing key:  Jefferson, MS
Missing key:  Claiborne, MS
Missing key:  Copiah, MS
Missing key:  Simpson, MS
Missing key:  Smith, MS
Missing key:  Scott, MS
Missing key:  Newton, MS
Missing key:  Lauderdale, MS
Missing key:  Clarke, MS
Missing key:  Jasper, MS
Missing key:  Jones, MS
Missing key:  Covington, MS
Missing key:  Jefferson Davis, MS
Missing key:  Lawrence, MS
Missing key:  Lincoln, MS
Missing key:  Franklin, MS
Missing key:  Adams, MS
Missing key:  Wilkinson, MS
Missing key:  Amite, MS
Missing key:  Pike, MS
Missing key:  Walthall, MS
Missing key:  Marion, MS
Missing key:  Lamar, MS
Missing key:  Forrest, MS
Missing key:  Wayne, MS
Missing key:  Greene, MS
Missing key:  Perry, MS
Missing key:  Stone, MS
Missing key:  Pearl River, MS
Missing key:  Hancock, MS
Missing key:  George, MS
Missing key:  Sheridan, MT
Missing key:  Roosevelt, MT
Missing key:  Gallatin, MT
Missing key:  Madison, MT
Missing key:  Broadwater, MT
Missing key:  Jefferson, MT
Missing key:  Silver Bow, MT
Missing key:  Deer Lodge, MT
Missing key:  Beaverhead, MT
Missing key:  Ravalli, MT
Missing key:  Granite, MT
Missing key:  Lewis and Clark, MT
Missing key:  Powell, MT
Missing key:  Lake, MT
Missing key:  Missoula, MT
Missing key:  Mineral, MT
Missing key:  Sanders, MT
Missing key:  Lincoln, MT
Missing key:  Flathead, MT
Missing key:  Glacier, MT
Missing key:  Liberty, MT
Missing key:  Toole, MT
Missing key:  Pondera, MT
Missing key:  Teton, MT
Missing key:  Cascade, MT
Missing key:  Meagher, MT
Missing key:  Park, MT
Missing key:  Hill, MT
Missing key:  Chouteau, MT
Missing key:  Judith Basin, MT
Missing key:  Wheatland, MT
Missing key:  Sweet Grass, MT
Missing key:  Carbon, MT
Missing key:  Stillwater, MT
Missing key:  Golden Valley, MT
Missing key:  Fergus, MT
Missing key:  Blaine, MT
Missing key:  Phillips, MT
Missing key:  Petroleum, MT
Missing key:  Musselshell, MT
Missing key:  Yellowstone, MT
Missing key:  Big Horn, MT
Missing key:  Treasure, MT
Missing key:  Rosebud, MT
Missing key:  Garfield, MT
Missing key:  Daniels, MT
Missing key:  Valley, MT
Missing key:  McCone, MT
Missing key:  Prairie, MT
Missing key:  Powder River, MT
Missing key:  Custer, MT
Missing key:  Carter, MT
Missing key:  Fallon, MT
Missing key:  Wibaux, MT
Missing key:  Dawson, MT
Missing key:  Richland, MT
Missing key:  Clay, NC
Missing key:  Macon, NC
Missing key:  Transylvania, NC
Missing key:  Jackson, NC
Missing key:  Haywood, NC
Missing key:  Swain, NC
Missing key:  Graham, NC
Missing key:  Cherokee, NC
Missing key:  Mitchell, NC
Missing key:  Yancey, NC
Missing key:  Madison, NC
Missing key:  Buncombe, NC
Missing key:  Henderson, NC
Missing key:  Polk, NC
Missing key:  Rutherford, NC
Missing key:  McDowell, NC
Missing key:  Avery, NC
Missing key:  Watauga, NC
Missing key:  Alexander, NC
Missing key:  Ashe, NC
Missing key:  Alleghany, NC
Missing key:  Wilkes, NC
Missing key:  Caldwell, NC
Missing key:  Burke, NC
Missing key:  Cleveland, NC
Missing key:  Gaston, NC
Missing key:  Lincoln, NC
Missing key:  Catawba, NC
Missing key:  Iredell, NC
Missing key:  Mecklenburg, NC
Missing key:  Rowan, NC
Missing key:  Davie, NC
Missing key:  Yadkin, NC
Missing key:  Surry, NC
Missing key:  Stokes, NC
Missing key:  Forsyth, NC
Missing key:  Davidson, NC
Missing key:  Stanly, NC
Missing key:  Cabarrus, NC
Missing key:  Union, NC
Missing key:  Anson, NC
Missing key:  Rockingham, NC
Missing key:  Guilford, NC
Missing key:  Randolph, NC
Missing key:  Montgomery, NC
Missing key:  Richmond, NC
Missing key:  Scotland, NC
Missing key:  Caswell, NC
Missing key:  Alamance, NC
Missing key:  Moore, NC
Missing key:  Hoke, NC
Missing key:  Robeson, NC
Missing key:  Columbus, NC
Missing key:  Brunswick, NC
Missing key:  New Hanover, NC
Missing key:  Bladen, NC
Missing key:  Cumberland, NC
Missing key:  Chatham, NC
Missing key:  Harnett, NC
Missing key:  Lee, NC
Missing key:  Orange, NC
Missing key:  Person, NC
Missing key:  Durham, NC
Missing key:  Pender, NC
Missing key:  Sampson, NC
Missing key:  Wayne, NC
Missing key:  Johnston, NC
Missing key:  Wake, NC
Missing key:  Granville, NC
Missing key:  Vance, NC
Missing key:  Warren, NC
Missing key:  Franklin, NC
Missing key:  Nash, NC
Missing key:  Northampton, NC
Missing key:  Halifax, NC
Missing key:  Edgecombe, NC
Missing key:  Wilson, NC
Missing key:  Greene, NC
Missing key:  Lenoir, NC
Missing key:  Jones, NC
Missing key:  Duplin, NC
Missing key:  Onslow, NC
Missing key:  Carteret, NC
Missing key:  Pamlico, NC
Missing key:  Craven, NC
Missing key:  Pitt, NC
Missing key:  Martin, NC
Missing key:  Chowan, NC
Missing key:  Hertford, NC
Missing key:  Bertie, NC
Missing key:  Gates, NC
Missing key:  Camden, NC
Missing key:  Pasquotank, NC
Missing key:  Perquimans, NC
Missing key:  Beaufort, NC
Missing key:  Washington, NC
Missing key:  Tyrrell, NC
Missing key:  Currituck, NC
Missing key:  Dare, NC
Missing key:  Hyde, NC
Missing key:  Cass, ND
Missing key:  Richland, ND
Missing key:  Burke, ND
Missing key:  Divide, ND
Missing key:  Williams, ND
Missing key:  Mountrail, ND
Missing key:  McKenzie, ND
Missing key:  Dunn, ND
Missing key:  Stark, ND
Missing key:  Golden Valley, ND
Missing key:  Billings, ND
Missing key:  Bowman, ND
Missing key:  Slope, ND
Missing key:  Hettinger, ND
Missing key:  Adams, ND
Missing key:  Mercer, ND
Missing key:  Grant, ND
Missing key:  Sioux, ND
Missing key:  Morton, ND
Missing key:  Oliver, ND
Missing key:  Renville, ND
Missing key:  Ward, ND
Missing key:  McLean, ND
Missing key:  Bottineau, ND
Missing key:  McHenry, ND
Missing key:  Sheridan, ND
Missing key:  Burleigh, ND
Missing key:  Emmons, ND
Missing key:  McIntosh, ND
Missing key:  Logan, ND
Missing key:  Kidder, ND
Missing key:  Wells, ND
Missing key:  Pierce, ND
Missing key:  Rolette, ND
Missing key:  Towner, ND
Missing key:  Benson, ND
Missing key:  Eddy, ND
Missing key:  Foster, ND
Missing key:  Stutsman, ND
Missing key:  LaMoure, ND
Missing key:  Dickey, ND
Missing key:  Sargent, ND
Missing key:  Ransom, ND
Missing key:  Barnes, ND
Missing key:  Griggs, ND
Missing key:  Steele, ND
Missing key:  Nelson, ND
Missing key:  Ramsey, ND
Missing key:  Cavalier, ND
Missing key:  Pembina, ND
Missing key:  Walsh, ND
Missing key:  Grand Forks, ND
Missing key:  Traill, ND
Missing key:  Dawes, NE
Missing key:  Sioux, NE
Missing key:  Richardson, NE
Missing key:  Pawnee, NE
Missing key:  Nemaha, NE
Missing key:  Johnson, NE
Missing key:  Otoe, NE
Missing key:  Cass, NE
Missing key:  Sarpy, NE
Missing key:  Douglas, NE
Missing key:  Washington, NE
Missing key:  Burt, NE
Missing key:  Thurston, NE
Missing key:  Dakota, NE
Missing key:  Dixon, NE
Missing key:  Wayne, NE
Missing key:  Pierce, NE
Missing key:  Cedar, NE
Missing key:  Knox, NE
Missing key:  Dodge, NE
Missing key:  Colfax, NE
Missing key:  Cuming, NE
Missing key:  Stanton, NE
Missing key:  Madison, NE
Missing key:  Antelope, NE
Missing key:  Boone, NE
Missing key:  Platte, NE
Missing key:  Saunders, NE
Missing key:  Seward, NE
Missing key:  Butler, NE
Missing key:  Polk, NE
Missing key:  York, NE
Missing key:  Hamilton, NE
Missing key:  Nance, NE
Missing key:  Merrick, NE
Missing key:  Hall, NE
Missing key:  Howard, NE
Missing key:  Sherman, NE
Missing key:  Boyd, NE
Missing key:  Holt, NE
Missing key:  Valley, NE
Missing key:  Greeley, NE
Missing key:  Wheeler, NE
Missing key:  Garfield, NE
Missing key:  Loup, NE
Missing key:  Rock, NE
Missing key:  Keya Paha, NE
Missing key:  Brown, NE
Missing key:  Blaine, NE
Missing key:  Custer, NE
Missing key:  Buffalo, NE
Missing key:  Dawson, NE
Missing key:  Phelps, NE
Missing key:  Kearney, NE
Missing key:  Adams, NE
Missing key:  Clay, NE
Missing key:  Fillmore, NE
Missing key:  Saline, NE
Missing key:  Lancaster, NE
Missing key:  Gage, NE
Missing key:  Jefferson, NE
Missing key:  Thayer, NE
Missing key:  Nuckolls, NE
Missing key:  Webster, NE
Missing key:  Franklin, NE
Missing key:  Harlan, NE
Missing key:  Gosper, NE
Missing key:  Furnas, NE
Missing key:  Red Willow, NE
Missing key:  Hitchcock, NE
Missing key:  Dundy, NE
Missing key:  Frontier, NE
Missing key:  Hayes, NE
Missing key:  Chase, NE
Missing key:  Perkins, NE
Missing key:  Lincoln, NE
Missing key:  Keith, NE
Missing key:  Logan, NE
Missing key:  McPherson, NE
Missing key:  Arthur, NE
Missing key:  Thomas, NE
Missing key:  Hooker, NE
Missing key:  Grant, NE
Missing key:  Deuel, NE
Missing key:  Garden, NE
Missing key:  Cheyenne, NE
Missing key:  Morrill, NE
Missing key:  Kimball, NE
Missing key:  Banner, NE
Missing key:  Scotts Bluff, NE
Missing key:  Box Butte, NE
Missing key:  Cherry, NE
Missing key:  Sheridan, NE
Missing key:  Coos, NH
Missing key:  Grafton, NH
Missing key:  Strafford, NH
Missing key:  Rockingham, NH
Missing key:  Cheshire, NH
Missing key:  Sullivan, NH
Missing key:  Hillsborough, NH
Missing key:  Belknap, NH
Missing key:  Merrimack, NH
Missing key:  Carroll, NH
Missing key:  Monmouth, NJ
Missing key:  Ocean, NJ
Missing key:  Richmond, NY
Missing key:  Essex, NJ
Missing key:  Union, NJ
Missing key:  Hudson, NJ
Missing key:  Bergen, NJ
Missing key:  Middlesex, NJ
Missing key:  Somerset, NJ
Missing key:  Morris, NJ
Missing key:  Passaic, NJ
Missing key:  Sussex, NJ
Missing key:  Warren, NJ
Missing key:  Hunterdon, NJ
Missing key:  Mercer, NJ
Missing key:  Camden, NJ
Missing key:  Gloucester, NJ
Missing key:  Salem, NJ
Missing key:  Cumberland, NJ
Missing key:  Cape May, NJ
Missing key:  Atlantic, NJ
Missing key:  Burlington, NJ
Missing key:  Lea, NM
Missing key:  Eddy, NM
Missing key:  Los Alamos, NM
Missing key:  Rio Arriba, NM
Missing key:  San Juan, NM
Missing key:  McKinley, NM
Missing key:  Bernalillo, NM
Missing key:  Valencia, NM
Missing key:  Cibola, NM
Missing key:  Sierra, NM
Missing key:  Socorro, NM
Missing key:  Catron, NM
Missing key:  Grant, NM
Missing key:  Hidalgo, NM
Missing key:  Luna, NM
Missing key:  Dona Ana, NM
Missing key:  Taos, NM
Missing key:  Santa Fe, NM
Missing key:  Otero, NM
Missing key:  Torrance, NM
Missing key:  Lincoln, NM
Missing key:  Colfax, NM
Missing key:  Mora, NM
Missing key:  Union, NM
Missing key:  Harding, NM
Missing key:  San Miguel, NM
Missing key:  Quay, NM
Missing key:  Guadalupe, NM
Missing key:  De Baca, NM
Missing key:  Curry, NM
Missing key:  Roosevelt, NM
Missing key:  Chaves, NM
Missing key:  Sandoval, NM
Missing key:  Elko, NV
Missing key:  White Pine, NV
Missing key:  Clark, NV
Missing key:  Lincoln, NV
Missing key:  Esmeralda, NV
Missing key:  Nye, NV
Missing key:  Eureka, NV
Missing key:  Lander, NV
Missing key:  Mineral, NV
Missing key:  Douglas, NV
Missing key:  Carson, NV
Missing key:  Lyon, NV
Missing key:  Churchill, NV
Missing key:  Pershing, NV
Missing key:  Storey, NV
Missing key:  Washoe, NV
Missing key:  Humboldt, NV
Missing key:  Clinton, NY
Missing key:  Essex, NY
Missing key:  Orleans, NY
Missing key:  Genesee, NY
Missing key:  Wyoming, NY
Missing key:  Livingston, NY
Missing key:  Schenectady, NY
Missing key:  Montgomery, NY
Missing key:  Fulton, NY
Missing key:  Seneca, NY
Missing key:  Ontario, NY
Missing key:  Yates, NY
Missing key:  Schuyler, NY
Missing key:  Tompkins, NY
Missing key:  Cayuga, NY
Missing key:  Onondaga, NY
Missing key:  Cortland, NY
Missing key:  Chenango, NY
Missing key:  Madison, NY
Missing key:  Oneida, NY
Missing key:  Lewis, NY
Missing key:  Herkimer, NY
Missing key:  Otsego, NY
Missing key:  Schoharie, NY
Missing key:  Albany, NY
Missing key:  Saratoga, NY
Missing key:  Warren, NY
Missing key:  Hamilton, NY
Missing key:  Franklin, NY
Missing key:  St. Lawrence, NY
Missing key:  Jefferson, NY
Missing key:  Oswego, NY
Missing key:  Wayne, NY
Missing key:  Monroe, NY
Missing key:  Niagara, NY
Missing key:  Erie, NY
Missing key:  Chautauqua, NY
Missing key:  Cattaraugus, NY
Missing key:  Allegany, NY
Missing key:  Steuben, NY
Missing key:  Chemung, NY
Missing key:  Tioga, NY
Missing key:  Broome, NY
Missing key:  Delaware, NY
Missing key:  Sullivan, NY
Missing key:  Greene, NY
Missing key:  New York, NY
Missing key:  Ulster, NY
Missing key:  Bronx, NY
Missing key:  Kings, NY
Missing key:  Rockland, NY
Missing key:  Nassau, NY
Missing key:  Orange, NY
Missing key:  Queens, NY
Missing key:  Suffolk, NY
Missing key:  Westchester, NY
Missing key:  Putnam, NY
Missing key:  Dutchess, NY
Missing key:  Columbia, NY
Missing key:  Rensselaer, NY
Missing key:  Washington, NY
Missing key:  Trumbull, OH
Missing key:  Ashtabula, OH
Missing key:  Lawrence, OH
Missing key:  Scioto, OH
Missing key:  Adams, OH
Missing key:  Pike, OH
Missing key:  Jackson, OH
Missing key:  Gallia, OH
Missing key:  Meigs, OH
Missing key:  Vinton, OH
Missing key:  Washington, OH
Missing key:  Athens, OH
Missing key:  Hocking, OH
Missing key:  Ross, OH
Missing key:  Highland, OH
Missing key:  Brown, OH
Missing key:  Clermont, OH
Missing key:  Hamilton, OH
Missing key:  Clinton, OH
Missing key:  Warren, OH
Missing key:  Butler, OH
Missing key:  Preble, OH
Missing key:  Montgomery, OH
Missing key:  Greene, OH
Missing key:  Fayette, OH
Missing key:  Pickaway, OH
Missing key:  Fairfield, OH
Missing key:  Perry, OH
Missing key:  Monroe, OH
Missing key:  Noble, OH
Missing key:  Morgan, OH
Missing key:  Muskingum, OH
Missing key:  Belmont, OH
Missing key:  Harrison, OH
Missing key:  Guernsey, OH
Missing key:  Coshocton, OH
Missing key:  Licking, OH
Missing key:  Delaware, OH
Missing key:  Franklin, OH
Missing key:  Madison, OH
Missing key:  Clark, OH
Missing key:  Champaign, OH
Missing key:  Miami, OH
Missing key:  Shelby, OH
Missing key:  Darke, OH
Missing key:  Mercer, OH
Missing key:  Auglaize, OH
Missing key:  Logan, OH
Missing key:  Union, OH
Missing key:  Marion, OH
Missing key:  Morrow, OH
Missing key:  Knox, OH
Missing key:  Holmes, OH
Missing key:  Tuscarawas, OH
Missing key:  Carroll, OH
Missing key:  Jefferson, OH
Missing key:  Columbiana, OH
Missing key:  Stark, OH
Missing key:  Wayne, OH
Missing key:  Ashland, OH
Missing key:  Richland, OH
Missing key:  Crawford, OH
Missing key:  Wyandot, OH
Missing key:  Hardin, OH
Missing key:  Allen, OH
Missing key:  Hancock, OH
Missing key:  Putnam, OH
Missing key:  Van Wert, OH
Missing key:  Mahoning, OH
Missing key:  Portage, OH
Missing key:  Summit, OH
Missing key:  Medina, OH
Missing key:  Huron, OH
Missing key:  Seneca, OH
Missing key:  Sandusky, OH
Missing key:  Wood, OH
Missing key:  Henry, OH
Missing key:  Paulding, OH
Missing key:  Defiance, OH
Missing key:  Geauga, OH
Missing key:  Lake, OH
Missing key:  Cuyahoga, OH
Missing key:  Lorain, OH
Missing key:  Erie, OH
Missing key:  Ottawa, OH
Missing key:  Lucas, OH
Missing key:  Fulton, OH
Missing key:  Williams, OH
Missing key:  Texas, OK
Missing key:  Cimarron, OK
Missing key:  Ottawa, OK
Missing key:  Craig, OK
Missing key:  Mayes, OK
Missing key:  Delaware, OK
Missing key:  Adair, OK
Missing key:  Cherokee, OK
Missing key:  Sequoyah, OK
Missing key:  Haskell, OK
Missing key:  Le Flore, OK
Missing key:  Latimer, OK
Missing key:  Pittsburg, OK
Missing key:  Coal, OK
Missing key:  Atoka, OK
Missing key:  Pushmataha, OK
Missing key:  McCurtain, OK
Missing key:  Choctaw, OK
Missing key:  Bryan, OK
Missing key:  Marshall, OK
Missing key:  Johnston, OK
Missing key:  Pontotoc, OK
Missing key:  Garvin, OK
Missing key:  Murray, OK
Missing key:  Love, OK
Missing key:  Carter, OK
Missing key:  Jefferson, OK
Missing key:  Stephens, OK
Missing key:  Cotton, OK
Missing key:  Comanche, OK
Missing key:  Tillman, OK
Missing key:  Jackson, OK
Missing key:  Greer, OK
Missing key:  Kiowa, OK
Missing key:  Harmon, OK
Missing key:  Muskogee, OK
Missing key:  McIntosh, OK
Missing key:  Hughes, OK
Missing key:  Seminole, OK
Missing key:  Pottawatomie, OK
Missing key:  Cleveland, OK
Missing key:  McClain, OK
Missing key:  Grady, OK
Missing key:  Caddo, OK
Missing key:  Canadian, OK
Missing key:  Oklahoma, OK
Missing key:  Lincoln, OK
Missing key:  Okfuskee, OK
Missing key:  Okmulgee, OK
Missing key:  Wagoner, OK
Missing key:  Rogers, OK
Missing key:  Nowata, OK
Missing key:  Washington, OK
Missing key:  Tulsa, OK
Missing key:  Creek, OK
Missing key:  Payne, OK
Missing key:  Logan, OK
Missing key:  Kingfisher, OK
Missing key:  Blaine, OK
Missing key:  Washita, OK
Missing key:  Beckham, OK
Missing key:  Custer, OK
Missing key:  Dewey, OK
Missing key:  Roger Mills, OK
Missing key:  Ellis, OK
Missing key:  Woodward, OK
Missing key:  Major, OK
Missing key:  Garfield, OK
Missing key:  Noble, OK
Missing key:  Pawnee, OK
Missing key:  Osage, OK
Missing key:  Kay, OK
Missing key:  Grant, OK
Missing key:  Alfalfa, OK
Missing key:  Woods, OK
Missing key:  Harper, OK
Missing key:  Beaver, OK
Missing key:  Clatsop, OR
Missing key:  Columbia, OR
Missing key:  Curry, OR
Missing key:  Coos, OR
Missing key:  Josephine, OR
Missing key:  Jackson, OR
Missing key:  Douglas, OR
Missing key:  Klamath, OR
Missing key:  Lake, OR
Missing key:  Harney, OR
Missing key:  Malheur, OR
Missing key:  Baker, OR
Missing key:  Wallowa, OR
Missing key:  Union, OR
Missing key:  Grant, OR
Missing key:  Wheeler, OR
Missing key:  Crook, OR
Missing key:  Deschutes, OR
Missing key:  Jefferson, OR
Missing key:  Linn, OR
Missing key:  Lane, OR
Missing key:  Benton, OR
Missing key:  Lincoln, OR
Missing key:  Polk, OR
Missing key:  Yamhill, OR
Missing key:  Marion, OR
Missing key:  Clackamas, OR
Missing key:  Umatilla, OR
Missing key:  Morrow, OR
Missing key:  Gilliam, OR
Missing key:  Sherman, OR
Missing key:  Wasco, OR
Missing key:  Hood River, OR
Missing key:  Multnomah, OR
Missing key:  Washington, OR
Missing key:  Tillamook, OR
Missing key:  Philadelphia, PA
Missing key:  Bucks, PA
Missing key:  Greene, PA
Missing key:  Fayette, PA
Missing key:  Washington, PA
Missing key:  Allegheny, PA
Missing key:  Beaver, PA
Missing key:  Lawrence, PA
Missing key:  Butler, PA
Missing key:  Armstrong, PA
Missing key:  Clarion, PA
Missing key:  Forest, PA
Missing key:  Venango, PA
Missing key:  Mercer, PA
Missing key:  Crawford, PA
Missing key:  Erie, PA
Missing key:  Westmoreland, PA
Missing key:  Indiana, PA
Missing key:  Jefferson, PA
Missing key:  Warren, PA
Missing key:  McKean, PA
Missing key:  Cameron, PA
Missing key:  Elk, PA
Missing key:  Clearfield, PA
Missing key:  Blair, PA
Missing key:  Cambria, PA
Missing key:  Somerset, PA
Missing key:  Bedford, PA
Missing key:  Fulton, PA
Missing key:  Huntingdon, PA
Missing key:  Franklin, PA
Missing key:  Mifflin, PA
Missing key:  Potter, PA
Missing key:  Clinton, PA
Missing key:  Centre, PA
Missing key:  Union, PA
Missing key:  Montour, PA
Missing key:  Tioga, PA
Missing key:  Lycoming, PA
Missing key:  Wyoming, PA
Missing key:  Sullivan, PA
Missing key:  Columbia, PA
Missing key:  Northumberland, PA
Missing key:  Snyder, PA
Missing key:  Juniata, PA
Missing key:  Perry, PA
Missing key:  Cumberland, PA
Missing key:  Adams, PA
Missing key:  York, PA
Missing key:  Dauphin, PA
Missing key:  Lebanon, PA
Missing key:  Lancaster, PA
Missing key:  Berks, PA
Missing key:  Schuylkill, PA
Missing key:  Carbon, PA
Missing key:  Luzerne, PA
Missing key:  Lackawanna, PA
Missing key:  Bradford, PA
Missing key:  Susquehanna, PA
Missing key:  Wayne, PA
Missing key:  Pike, PA
Missing key:  Monroe, PA
Missing key:  Northampton, PA
Missing key:  Lehigh, PA
Missing key:  Delaware, PA
Missing key:  Montgomery, PA
Missing key:  Chester, PA
Missing key:  Kent, RI
Missing key:  Providence, RI
Missing key:  Bristol, RI
Missing key:  Newport, RI
Missing key:  Washington, RI
Missing key:  Pickens, SC
Missing key:  Oconee, SC
Missing key:  Beaufort, SC
Missing key:  Hampton, SC
Missing key:  Jasper, SC
Missing key:  Marion, SC
Missing key:  Dillon, SC
Missing key:  Horry, SC
Missing key:  Charleston, SC
Missing key:  Dorchester, SC
Missing key:  Berkeley, SC
Missing key:  Georgetown, SC
Missing key:  Clarendon, SC
Missing key:  Williamsburg, SC
Missing key:  Florence, SC
Missing key:  Marlboro, SC
Missing key:  Darlington, SC
Missing key:  Lee, SC
Missing key:  Kershaw, SC
Missing key:  Sumter, SC
Missing key:  Calhoun, SC
Missing key:  Colleton, SC
Missing key:  Allendale, SC
Missing key:  Bamberg, SC
Missing key:  Orangeburg, SC
Missing key:  Barnwell, SC
Missing key:  Aiken, SC
Missing key:  Lexington, SC
Missing key:  Richland, SC
Missing key:  Fairfield, SC
Missing key:  Newberry, SC
Missing key:  Saluda, SC
Missing key:  Edgefield, SC
Missing key:  McCormick, SC
Missing key:  Greenwood, SC
Missing key:  Laurens, SC
Missing key:  Abbeville, SC
Missing key:  Anderson, SC
Missing key:  Union, SC
Missing key:  Chesterfield, SC
Missing key:  Lancaster, SC
Missing key:  Chester, SC
Missing key:  York, SC
Missing key:  Cherokee, SC
Missing key:  Spartanburg, SC
Missing key:  Greenville, SC
Missing key:  Perkins, SD
Missing key:  Harding, SD
Missing key:  Custer, SD
Missing key:  Fall River, SD
Missing key:  Oglala Lakota, SD
Missing key:  Bennett, SD
Missing key:  Mellette, SD
Missing key:  Todd, SD
Missing key:  Tripp, SD
Missing key:  Gregory, SD
Missing key:  Brule, SD
Missing key:  Aurora, SD
Missing key:  Davison, SD
Missing key:  Douglas, SD
Missing key:  Charles Mix, SD
Missing key:  Bon Homme, SD
Missing key:  Yankton, SD
Missing key:  Hutchinson, SD
Missing key:  Hanson, SD
Missing key:  McCook, SD
Missing key:  Turner, SD
Missing key:  Clay, SD
Missing key:  Union, SD
Missing key:  Lincoln, SD
Missing key:  Minnehaha, SD
Missing key:  Lyman, SD
Missing key:  Jones, SD
Missing key:  Jackson, SD
Missing key:  Stanley, SD
Missing key:  Haakon, SD
Missing key:  Pennington, SD
Missing key:  Lawrence, SD
Missing key:  Butte, SD
Missing key:  Meade, SD
Missing key:  Ziebach, SD
Missing key:  Dewey, SD
Missing key:  Walworth, SD
Missing key:  Potter, SD
Missing key:  Sully, SD
Missing key:  Hughes, SD
Missing key:  Buffalo, SD
Missing key:  Jerauld, SD
Missing key:  Sanborn, SD
Missing key:  Miner, SD
Missing key:  Lake, SD
Missing key:  Moody, SD
Missing key:  Brookings, SD
Missing key:  Hamlin, SD
Missing key:  Kingsbury, SD
Missing key:  Beadle, SD
Missing key:  Hyde, SD
Missing key:  Hand, SD
Missing key:  Edmunds, SD
Missing key:  Faulk, SD
Missing key:  Spink, SD
Missing key:  Clark, SD
Missing key:  Codington, SD
Missing key:  Deuel, SD
Missing key:  Grant, SD
Missing key:  Day, SD
Missing key:  Roberts, SD
Missing key:  Marshall, SD
Missing key:  Brown, SD
Missing key:  McPherson, SD
Missing key:  Campbell, SD
Missing key:  Corson, SD
Missing key:  Sullivan, TN
Missing key:  Johnson, TN
Missing key:  McNairy, TN
Missing key:  Chester, TN
Missing key:  Hardeman, TN
Missing key:  Fayette, TN
Missing key:  Haywood, TN
Missing key:  Madison, TN
Missing key:  Crockett, TN
Missing key:  Gibson, TN
Missing key:  Carroll, TN
Missing key:  Weakley, TN
Missing key:  Obion, TN
Missing key:  Lake, TN
Missing key:  Dyer, TN
Missing key:  Lauderdale, TN
Missing key:  Tipton, TN
Missing key:  Shelby, TN
Missing key:  Henderson, TN
Missing key:  Henry, TN
Missing key:  Benton, TN
Missing key:  Decatur, TN
Missing key:  Hardin, TN
Missing key:  Lawrence, TN
Missing key:  Wayne, TN
Missing key:  Lewis, TN
Missing key:  Perry, TN
Missing key:  Hickman, TN
Missing key:  Humphreys, TN
Missing key:  Houston, TN
Missing key:  Stewart, TN
Missing key:  Montgomery, TN
Missing key:  Robertson, TN
Missing key:  Cheatham, TN
Missing key:  Dickson, TN
Missing key:  Marshall, TN
Missing key:  Williamson, TN
Missing key:  Giles, TN
Missing key:  Maury, TN
Missing key:  Lincoln, TN
Missing key:  Moore, TN
Missing key:  Bedford, TN
Missing key:  Rutherford, TN
Missing key:  Davidson, TN
Missing key:  Sumner, TN
Missing key:  Wilson, TN
Missing key:  Cannon, TN
Missing key:  Coffee, TN
Missing key:  Franklin, TN
Missing key:  Marion, TN
Missing key:  Sequatchie, TN
Missing key:  Grundy, TN
Missing key:  Van Buren, TN
Missing key:  Warren, TN
Missing key:  White, TN
Missing key:  DeKalb, TN
Missing key:  Putnam, TN
Missing key:  Trousdale, TN
Missing key:  Macon, TN
Missing key:  Smith, TN
Missing key:  Jackson, TN
Missing key:  Overton, TN
Missing key:  Clay, TN
Missing key:  Pickett, TN
Missing key:  Bledsoe, TN
Missing key:  Fentress, TN
Missing key:  Cumberland, TN
Missing key:  Rhea, TN
Missing key:  Meigs, TN
Missing key:  Hamilton, TN
Missing key:  Bradley, TN
Missing key:  Polk, TN
Missing key:  Monroe, TN
Missing key:  McMinn, TN
Missing key:  Roane, TN
Missing key:  Morgan, TN
Missing key:  Scott, TN
Missing key:  Campbell, TN
Missing key:  Anderson, TN
Missing key:  Loudon, TN
Missing key:  Blount, TN
Missing key:  Sevier, TN
Missing key:  Knox, TN
Missing key:  Union, TN
Missing key:  Claiborne, TN
Missing key:  Hancock, TN
Missing key:  Grainger, TN
Missing key:  Hamblen, TN
Missing key:  Jefferson, TN
Missing key:  Cocke, TN
Missing key:  Unicoi, TN
Missing key:  Hawkins, TN
Missing key:  Greene, TN
Missing key:  Washington, TN
Missing key:  Carter, TN
Missing key:  Bowie, TX
Missing key:  Red River, TX
Missing key:  Crosby, TX
Missing key:  Lubbock, TX
Missing key:  Hockley, TX
Missing key:  Cochran, TX
Missing key:  Floyd, TX
Missing key:  Hale, TX
Missing key:  Lamb, TX
Missing key:  Bailey, TX
Missing key:  Briscoe, TX
Missing key:  Swisher, TX
Missing key:  Castro, TX
Missing key:  Parmer, TX
Missing key:  Armstrong, TX
Missing key:  Randall, TX
Missing key:  Deaf Smith, TX
Missing key:  Carson, TX
Missing key:  Potter, TX
Missing key:  Oldham, TX
Missing key:  Hutchinson, TX
Missing key:  Moore, TX
Missing key:  Hartley, TX
Missing key:  Hansford, TX
Missing key:  Sherman, TX
Missing key:  Dallam, TX
Missing key:  Hudspeth, TX
Missing key:  El Paso, TX
Missing key:  Lynn, TX
Missing key:  Terry, TX
Missing key:  Yoakum, TX
Missing key:  Dawson, TX
Missing key:  Gaines, TX
Missing key:  Martin, TX
Missing key:  Andrews, TX
Missing key:  Midland, TX
Missing key:  Ector, TX
Missing key:  Crane, TX
Missing key:  Presidio, TX
Missing key:  Culberson, TX
Missing key:  Ward, TX
Missing key:  Winkler, TX
Missing key:  Loving, TX
Missing key:  Reeves, TX
Missing key:  Jeff Davis, TX
Missing key:  Brewster, TX
Missing key:  Terrell, TX
Missing key:  Pecos, TX
Missing key:  Upton, TX
Missing key:  Reagan, TX
Missing key:  Glasscock, TX
Missing key:  Howard, TX
Missing key:  Borden, TX
Missing key:  Garza, TX
Missing key:  Scurry, TX
Missing key:  Mitchell, TX
Missing key:  Sterling, TX
Missing key:  Irion, TX
Missing key:  Crockett, TX
Missing key:  Val Verde, TX
Missing key:  Zapata, TX
Missing key:  Jim Hogg, TX
Missing key:  Starr, TX
Missing key:  Willacy, TX
Missing key:  Hidalgo, TX
Missing key:  Brooks, TX
Missing key:  Kenedy, TX
Missing key:  Kleberg, TX
Missing key:  Jim Wells, TX
Missing key:  Nueces, TX
Missing key:  San Patricio, TX
Missing key:  Calhoun, TX
Missing key:  Refugio, TX
Missing key:  Bee, TX
Missing key:  Live Oak, TX
Missing key:  McMullen, TX
Missing key:  Duval, TX
Missing key:  Webb, TX
Missing key:  La Salle, TX
Missing key:  Dimmit, TX
Missing key:  Maverick, TX
Missing key:  Kinney, TX
Missing key:  Edwards, TX
Missing key:  Real, TX
Missing key:  Uvalde, TX
Missing key:  Zavala, TX
Missing key:  Frio, TX
Missing key:  Goliad, TX
Missing key:  Victoria, TX
Missing key:  DeWitt, TX
Missing key:  Karnes, TX
Missing key:  Wilson, TX
Missing key:  Atascosa, TX
Missing key:  Medina, TX
Missing key:  Bandera, TX
Missing key:  Kerr, TX
Missing key:  Gillespie, TX
Missing key:  Blanco, TX
Missing key:  Kendall, TX
Missing key:  Bexar, TX
Missing key:  Guadalupe, TX
Missing key:  Comal, TX
Missing key:  Hays, TX
Missing key:  Caldwell, TX
Missing key:  Gonzales, TX
Missing key:  Lavaca, TX
Missing key:  Jackson, TX
Missing key:  Matagorda, TX
Missing key:  Wharton, TX
Missing key:  Colorado, TX
Missing key:  Bastrop, TX
Missing key:  Fayette, TX
Missing key:  Lee, TX
Missing key:  Austin, TX
Missing key:  Washington, TX
Missing key:  Waller, TX
Missing key:  Fort Bend, TX
Missing key:  Brazoria, TX
Missing key:  Galveston, TX
Missing key:  Montgomery, TX
Missing key:  Harris, TX
Missing key:  Chambers, TX
Missing key:  Hardin, TX
Missing key:  Liberty, TX
Missing key:  Jefferson, TX
Missing key:  Orange, TX
Missing key:  Travis, TX
Missing key:  Kent, TX
Missing key:  Kimble, TX
Missing key:  Sutton, TX
Missing key:  Schleicher, TX
Missing key:  Menard, TX
Missing key:  Mason, TX
Missing key:  Llano, TX
Missing key:  Burnet, TX
Missing key:  Williamson, TX
Missing key:  Burleson, TX
Missing key:  San Jacinto, TX
Missing key:  Walker, TX
Missing key:  Grimes, TX
Missing key:  Brazos, TX
Missing key:  Madison, TX
Missing key:  Leon, TX
Missing key:  Robertson, TX
Missing key:  Milam, TX
Missing key:  Bell, TX
Missing key:  Coryell, TX
Missing key:  Lampasas, TX
Missing key:  Mills, TX
Missing key:  San Saba, TX
Missing key:  McCulloch, TX
Missing key:  Concho, TX
Missing key:  Tom Green, TX
Missing key:  Coke, TX
Missing key:  Runnels, TX
Missing key:  Coleman, TX
Missing key:  Brown, TX
Missing key:  Comanche, TX
Missing key:  Hamilton, TX
Missing key:  Bosque, TX
Missing key:  Falls, TX
Missing key:  McLennan, TX
Missing key:  Hill, TX
Missing key:  Limestone, TX
Missing key:  Freestone, TX
Missing key:  Navarro, TX
Missing key:  Somervell, TX
Missing key:  Ellis, TX
Missing key:  Johnson, TX
Missing key:  Hood, TX
Missing key:  Erath, TX
Missing key:  Eastland, TX
Missing key:  Callahan, TX
Missing key:  Taylor, TX
Missing key:  Nolan, TX
Missing key:  Fisher, TX
Missing key:  Jones, TX
Missing key:  Shackelford, TX
Missing key:  Stephens, TX
Missing key:  Palo Pinto, TX
Missing key:  Parker, TX
Missing key:  Tarrant, TX
Missing key:  Dallas, TX
Missing key:  Rockwall, TX
Missing key:  Kaufman, TX
Missing key:  Rains, TX
Missing key:  Van Zandt, TX
Missing key:  Henderson, TX
Missing key:  Anderson, TX
Missing key:  Houston, TX
Missing key:  Trinity, TX
Missing key:  Polk, TX
Missing key:  Newton, TX
Missing key:  Jasper, TX
Missing key:  Tyler, TX
Missing key:  Angelina, TX
Missing key:  Sabine, TX
Missing key:  San Augustine, TX
Missing key:  Shelby, TX
Missing key:  Nacogdoches, TX
Missing key:  Cherokee, TX
Missing key:  Panola, TX
Missing key:  Rusk, TX
Missing key:  Gregg, TX
Missing key:  Smith, TX
Missing key:  Wood, TX
Missing key:  Harrison, TX
Missing key:  Upshur, TX
Missing key:  Camp, TX
Missing key:  Marion, TX
Missing key:  Cass, TX
Missing key:  Morris, TX
Missing key:  Titus, TX
Missing key:  Franklin, TX
Missing key:  Hopkins, TX
Missing key:  Delta, TX
Missing key:  Hunt, TX
Missing key:  Collin, TX
Missing key:  Denton, TX
Missing key:  Wise, TX
Missing key:  Jack, TX
Missing key:  Young, TX
Missing key:  Throckmorton, TX
Missing key:  Haskell, TX
Missing key:  Stonewall, TX
Missing key:  Dickens, TX
Missing key:  Motley, TX
Missing key:  Hall, TX
Missing key:  Donley, TX
Missing key:  Gray, TX
Missing key:  Roberts, TX
Missing key:  Ochiltree, TX
Missing key:  Lipscomb, TX
Missing key:  Hemphill, TX
Missing key:  Wheeler, TX
Missing key:  Collingsworth, TX
Missing key:  Childress, TX
Missing key:  Cottle, TX
Missing key:  King, TX
Missing key:  Knox, TX
Missing key:  Foard, TX
Missing key:  Hardeman, TX
Missing key:  Archer, TX
Missing key:  Baylor, TX
Missing key:  Wilbarger, TX
Missing key:  Wichita, TX
Missing key:  Clay, TX
Missing key:  Montague, TX
Missing key:  Cooke, TX
Missing key:  Fannin, TX
Missing key:  Grayson, TX
Missing key:  Lamar, TX
Missing key:  Aransas, TX
Missing key:  Cameron, TX
Missing key:  San Juan, UT
Missing key:  Garfield, UT
Missing key:  Morgan, UT
Missing key:  Davis, UT
Missing key:  Weber, UT
Missing key:  Rich, UT
Missing key:  Cache, UT
Missing key:  Box Elder, UT
Missing key:  Daggett, UT
Missing key:  Salt Lake, UT
Missing key:  Summit, UT
Missing key:  Wasatch, UT
Missing key:  Utah, UT
Missing key:  Tooele, UT
Missing key:  Juab, UT
Missing key:  Millard, UT
Missing key:  Sevier, UT
Missing key:  Sanpete, UT
Missing key:  Carbon, UT
Missing key:  Duchesne, UT
Missing key:  Uintah, UT
Missing key:  Grand, UT
Missing key:  Emery, UT
Missing key:  Wayne, UT
Missing key:  Piute, UT
Missing key:  Beaver, UT
Missing key:  Iron, UT
Missing key:  Washington, UT
Missing key:  Kane, UT
Missing key:  Northampton, VA
Missing key:  Buchanan, VA
Missing key:  Tazewell, VA
Missing key:  Smyth, VA
Missing key:  Bristol, VA
Missing key:  Washington, VA
Missing key:  Russell, VA
Missing key:  Norton, VA
Missing key:  Wise, VA
Missing key:  Dickenson, VA
Missing key:  Scott, VA
Missing key:  Lee, VA
Missing key:  Bland, VA
Missing key:  Grayson, VA
Missing key:  Galax, VA
Missing key:  Wythe, VA
Missing key:  Giles, VA
Missing key:  Radford, VA
Missing key:  Pulaski, VA
Missing key:  Falls Church, VA
Missing key:  Arlington, VA
Missing key:  Carroll, VA
Missing key:  Henry, VA
Missing key:  Patrick, VA
Missing key:  Floyd, VA
Missing key:  Montgomery, VA
Missing key:  Salem, VA
Missing key:  Franklin, VA
Missing key:  Bedford, VA
Missing key:  Roanoke, VA
Missing key:  Alleghany, VA
Missing key:  Craig, VA
Missing key:  Botetourt, VA
Missing key:  Amherst, VA
Missing key:  Rockbridge, VA
Missing key:  Bath, VA
Missing key:  Highland, VA
Missing key:  Greene, VA
Missing key:  Rockingham, VA
Missing key:  Augusta, VA
Missing key:  Nelson, VA
Missing key:  Buckingham, VA
Missing key:  Appomattox, VA
Missing key:  Campbell, VA
Missing key:  Halifax, VA
Missing key:  Pittsylvania, VA
Missing key:  Martinsville, VA
Missing key:  Danville, VA
Missing key:  Lynchburg, VA
Missing key:  Roanoke, VA
Missing key:  Buena Vista, VA
Missing key:  Covington, VA
Missing key:  Lexington, VA
Missing key:  Waynesboro, VA
Missing key:  Staunton, VA
Missing key:  Charlottesville, VA
Missing key:  Harrisonburg, VA
Missing key:  Albemarle, VA
Missing key:  Fluvanna, VA
Missing key:  Cumberland, VA
Missing key:  Prince Edward, VA
Missing key:  Charlotte, VA
Missing key:  Mecklenburg, VA
Missing key:  Colonial Heights, VA
Missing key:  Lunenburg, VA
Missing key:  Hopewell, VA
Missing key:  Alexandria, VA
Missing key:  Page, VA
Missing key:  Shenandoah, VA
Missing key:  Clarke, VA
Missing key:  Winchester, VA
Missing key:  Frederick, VA
Missing key:  Warren, VA
Missing key:  Prince William, VA
Missing key:  Manassas Park, VA
Missing key:  Accomack, VA
Missing key:  Rappahannock, VA
Missing key:  Madison, VA
Missing key:  Louisa, VA
Missing key:  Goochland, VA
Missing key:  Orange, VA
Missing key:  Amelia, VA
Missing key:  Powhatan, VA
Missing key:  Nottoway, VA
Missing key:  Brunswick, VA
Missing key:  Dinwiddie, VA
Missing key:  Emporia, VA
Missing key:  Greensville, VA
Missing key:  Poquoson, VA
Missing key:  Franklin, VA
Missing key:  Southampton, VA
Missing key:  Hampton, VA
Missing key:  Williamsburg, VA
Missing key:  Newport News, VA
Missing key:  Portsmouth, VA
Missing key:  York, VA
Missing key:  James City, VA
Missing key:  Surry, VA
Missing key:  Sussex, VA
Missing key:  Prince George, VA
Missing key:  Petersburg, VA
Missing key:  Henrico, VA
Missing key:  Chesterfield, VA
Missing key:  Charles City, VA
Missing key:  New Kent, VA
Missing key:  Richmond, VA
Missing key:  Fredericksburg, VA
Missing key:  Fairfax, VA
Missing key:  Manassas, VA
Missing key:  Loudoun, VA
Missing key:  Fauquier, VA
Missing key:  Culpeper, VA
Missing key:  Spotsylvania, VA
Missing key:  Hanover, VA
Missing key:  King William, VA
Missing key:  King and Queen, VA
Missing key:  Middlesex, VA
Missing key:  Gloucester, VA
Missing key:  Lancaster, VA
Missing key:  Richmond, VA
Missing key:  Essex, VA
Missing key:  Caroline, VA
Missing key:  Fairfax, VA
Missing key:  Stafford, VA
Missing key:  King George, VA
Missing key:  Westmoreland, VA
Missing key:  Northumberland, VA
Missing key:  Mathews, VA
Missing key:  Norfolk, VA
Missing key:  Isle of Wight, VA
Missing key:  Suffolk, VA
Missing key:  Chesapeake, VA
Missing key:  Virginia Beach, VA
Missing key:  Essex, VT
Missing key:  Orleans, VT
Missing key:  Bennington, VT
Missing key:  Grand Isle, VT
Missing key:  Washington, VT
Missing key:  Caledonia, VT
Missing key:  Lamoille, VT
Missing key:  Franklin, VT
Missing key:  Chittenden, VT
Missing key:  Addison, VT
Missing key:  Rutland, VT
Missing key:  Windham, VT
Missing key:  Windsor, VT
Missing key:  Orange, VT
Missing key:  Okanogan, WA
Missing key:  Whatcom, WA
Missing key:  Wahkiakum, WA
Missing key:  Asotin, WA
Missing key:  Garfield, WA
Missing key:  Columbia, WA
Missing key:  Walla Walla, WA
Missing key:  Franklin, WA
Missing key:  Whitman, WA
Missing key:  Spokane, WA
Missing key:  Pend Oreille, WA
Missing key:  Stevens, WA
Missing key:  Lincoln, WA
Missing key:  Adams, WA
Missing key:  Grant, WA
Missing key:  Benton, WA
Missing key:  Klickitat, WA
Missing key:  Clark, WA
Missing key:  Skamania, WA
Missing key:  Cowlitz, WA
Missing key:  Pacific, WA
Missing key:  Lewis, WA
Missing key:  Thurston, WA
Missing key:  Pierce, WA
Missing key:  Yakima, WA
Missing key:  Kittitas, WA
Missing key:  Douglas, WA
Missing key:  Ferry, WA
Missing key:  San Juan, WA
Missing key:  Island, WA
Missing key:  Snohomish, WA
Missing key:  King, WA
Missing key:  Kitsap, WA
Missing key:  Mason, WA
Missing key:  Grays Harbor, WA
Missing key:  Jefferson, WA
Missing key:  Clallam, WA
Missing key:  Skagit, WA
Missing key:  Chelan, WA
Missing key:  Adams, WI
Missing key:  Ashland, WI
Missing key:  Barron, WI
Missing key:  Bayfield, WI
Missing key:  Burnett, WI
Missing key:  Buffalo, WI
Missing key:  Chippewa, WI
Missing key:  Clark, WI
Missing key:  Door, WI
Missing key:  Douglas, WI
Missing key:  Dunn, WI
Missing key:  Eau Claire, WI
Missing key:  Iron, WI
Missing key:  Jackson, WI
Missing key:  Kewaunee, WI
Missing key:  Langlade, WI
Missing key:  Lincoln, WI
Missing key:  Marathon, WI
Missing key:  Oneida, WI
Missing key:  Pepin, WI
Missing key:  Pierce, WI
Missing key:  Polk, WI
Missing key:  Price, WI
Missing key:  Rusk, WI
Missing key:  St. Croix, WI
Missing key:  Sawyer, WI
Missing key:  Taylor, WI
Missing key:  Trempealeau, WI
Missing key:  Vilas, WI
Missing key:  Washburn, WI
Missing key:  Wood, WI
Missing key:  Juneau, WI
Missing key:  Monroe, WI
Missing key:  La Crosse, WI
Missing key:  Vernon, WI
Missing key:  Sauk, WI
Missing key:  Richland, WI
Missing key:  Crawford, WI
Missing key:  Iowa, WI
Missing key:  Grant, WI
Missing key:  Lafayette, WI
Missing key:  Green, WI
Missing key:  Marquette, WI
Missing key:  Portage, WI
Missing key:  Waupaca, WI
Missing key:  Waushara, WI
Missing key:  Green Lake, WI
Missing key:  Columbia, WI
Missing key:  Dane, WI
Missing key:  Rock, WI
Missing key:  Kenosha, WI
Missing key:  Racine, WI
Missing key:  Walworth, WI
Missing key:  Dodge, WI
Missing key:  Jefferson, WI
Missing key:  Waukesha, WI
Missing key:  Milwaukee, WI
Missing key:  Ozaukee, WI
Missing key:  Washington, WI
Missing key:  Winnebago, WI
Missing key:  Fond du Lac, WI
Missing key:  Sheboygan, WI
Missing key:  Calumet, WI
Missing key:  Manitowoc, WI
Missing key:  Brown, WI
Missing key:  Outagamie, WI
Missing key:  Shawano, WI
Missing key:  Menominee, WI
Missing key:  Oconto, WI
Missing key:  Forest, WI
Missing key:  Florence, WI
Missing key:  Marinette, WI
Missing key:  Berkeley, WV
Missing key:  Jefferson, WV
Missing key:  Cabell, WV
Missing key:  Mingo, WV
Missing key:  Wayne, WV
Missing key:  Wyoming, WV
Missing key:  Logan, WV
Missing key:  McDowell, WV
Missing key:  Mercer, WV
Missing key:  Monroe, WV
Missing key:  Summers, WV
Missing key:  Raleigh, WV
Missing key:  Boone, WV
Missing key:  Lincoln, WV
Missing key:  Putnam, WV
Missing key:  Mason, WV
Missing key:  Jackson, WV
Missing key:  Kanawha, WV
Missing key:  Fayette, WV
Missing key:  Clay, WV
Missing key:  Roane, WV
Missing key:  Calhoun, WV
Missing key:  Wirt, WV
Missing key:  Wood, WV
Missing key:  Pleasants, WV
Missing key:  Ritchie, WV
Missing key:  Gilmer, WV
Missing key:  Braxton, WV
Missing key:  Nicholas, WV
Missing key:  Greenbrier, WV
Missing key:  Webster, WV
Missing key:  Upshur, WV
Missing key:  Lewis, WV
Missing key:  Doddridge, WV
Missing key:  Tyler, WV
Missing key:  Harrison, WV
Missing key:  Hancock, WV
Missing key:  Brooke, WV
Missing key:  Ohio, WV
Missing key:  Marshall, WV
Missing key:  Wetzel, WV
Missing key:  Marion, WV
Missing key:  Barbour, WV
Missing key:  Taylor, WV
Missing key:  Monongalia, WV
Missing key:  Pocahontas, WV
Missing key:  Preston, WV
Missing key:  Randolph, WV
Missing key:  Pendleton, WV
Missing key:  Tucker, WV
Missing key:  Grant, WV
Missing key:  Hardy, WV
Missing key:  Mineral, WV
Missing key:  Hampshire, WV
Missing key:  Morgan, WV
Missing key:  Laramie, WY
Missing key:  Goshen, WY
Missing key:  Teton, WY
Missing key:  Lincoln, WY
Missing key:  Uinta, WY
Missing key:  Sublette, WY
Missing key:  Park, WY
Missing key:  Sweetwater, WY
Missing key:  Fremont, WY
Missing key:  Hot Springs, WY
Missing key:  Washakie, WY
Missing key:  Big Horn, WY
Missing key:  Sheridan, WY
Missing key:  Johnson, WY
Missing key:  Natrona, WY
Missing key:  Carbon, WY
Missing key:  Albany, WY
Missing key:  Weston, WY
Missing key:  Crook, WY
Missing key:  Campbell, WY
Missing key:  Converse, WY
Missing key:  Niobrara, WY
Missing key:  Platte, WY
Missing key:  Washington, DC
Program Execution Terminated Successfully
